This file contains any messages produced by compilers while
running configure, to aid debugging if configure makes a mistake.

It was created by OpenSSAG configure 0.1.5.1, which was
generated by GNU Autoconf 2.69.  Invocation command line was

  $ ./configure 

## --------- ##
## Platform. ##
## --------- ##

hostname = raspberry
uname -m = armv7l
uname -r = 3.18.7-v7+
uname -s = Linux
uname -v = #755 SMP PREEMPT Thu Feb 12 17:20:48 GMT 2015

/usr/bin/uname -p = unknown
/bin/uname -X     = unknown

/bin/arch              = unknown
/usr/bin/arch -k       = unknown
/usr/convex/getsysinfo = unknown
/usr/bin/hostinfo      = unknown
/bin/machine           = unknown
/usr/bin/oslevel       = unknown
/bin/universe          = unknown

PATH: /usr/local/sbin
PATH: /usr/local/bin
PATH: /usr/sbin
PATH: /usr/bin
PATH: /sbin
PATH: /bin


## ----------- ##
## Core tests. ##
## ----------- ##

configure:2482: checking for a BSD-compatible install
configure:2550: result: /usr/bin/install -c
configure:2561: checking whether build environment is sane
configure:2616: result: yes
configure:2767: checking for a thread-safe mkdir -p
configure:2806: result: /bin/mkdir -p
configure:2813: checking for gawk
configure:2829: found /usr/bin/gawk
configure:2840: result: gawk
configure:2851: checking whether make sets $(MAKE)
configure:2873: result: yes
configure:2902: checking whether make supports nested variables
configure:2919: result: yes
configure:3075: checking build system type
configure:3089: result: armv7l-unknown-linux-gnueabihf
configure:3109: checking host system type
configure:3122: result: armv7l-unknown-linux-gnueabihf
configure:3163: checking how to print strings
configure:3190: result: printf
configure:3223: checking for style of include used by make
configure:3251: result: GNU
configure:3322: checking for gcc
configure:3338: found /usr/bin/gcc
configure:3349: result: gcc
configure:3578: checking for C compiler version
configure:3587: gcc --version >&5
gcc (Ubuntu/Linaro 4.9.1-16ubuntu6) 4.9.1
Copyright (C) 2014 Free Software Foundation, Inc.
This is free software; see the source for copying conditions.  There is NO
warranty; not even for MERCHANTABILITY or FITNESS FOR A PARTICULAR PURPOSE.

configure:3598: $? = 0
configure:3587: gcc -v >&5
Using built-in specs.
COLLECT_GCC=gcc
COLLECT_LTO_WRAPPER=/usr/lib/gcc/arm-linux-gnueabihf/4.9/lto-wrapper
Target: arm-linux-gnueabihf
Configured with: ../src/configure -v --with-pkgversion='Ubuntu/Linaro 4.9.1-16ubuntu6' --with-bugurl=file:///usr/share/doc/gcc-4.9/README.Bugs --enable-languages=c,c++,java,go,d,fortran,objc,obj-c++ --prefix=/usr --program-suffix=-4.9 --enable-shared --enable-linker-build-id --libexecdir=/usr/lib --without-included-gettext --enable-threads=posix --with-gxx-include-dir=/usr/include/c++/4.9 --libdir=/usr/lib --enable-nls --with-sysroot=/ --enable-clocale=gnu --enable-libstdcxx-debug --enable-libstdcxx-time=yes --enable-gnu-unique-object --disable-libitm --disable-libquadmath --enable-plugin --with-system-zlib --disable-browser-plugin --enable-java-awt=gtk --enable-gtk-cairo --with-java-home=/usr/lib/jvm/java-1.5.0-gcj-4.9-armhf/jre --enable-java-home --with-jvm-root-dir=/usr/lib/jvm/java-1.5.0-gcj-4.9-armhf --with-jvm-jar-dir=/usr/lib/jvm-exports/java-1.5.0-gcj-4.9-armhf --with-arch-directory=arm --with-ecj-jar=/usr/share/java/eclipse-ecj.jar --enable-objc-gc --enable-multiarch --enable-multilib --disable-sjlj-exceptions --with-arch=armv7-a --with-fpu=vfpv3-d16 --with-float=hard --with-mode=thumb --disable-werror --enable-multilib --enable-checking=release --build=arm-linux-gnueabihf --host=arm-linux-gnueabihf --target=arm-linux-gnueabihf
Thread model: posix
gcc version 4.9.1 (Ubuntu/Linaro 4.9.1-16ubuntu6) 
configure:3598: $? = 0
configure:3587: gcc -V >&5
gcc: error: unrecognized command line option '-V'
gcc: fatal error: no input files
compilation terminated.
configure:3598: $? = 4
configure:3587: gcc -qversion >&5
gcc: error: unrecognized command line option '-qversion'
gcc: fatal error: no input files
compilation terminated.
configure:3598: $? = 4
configure:3618: checking whether the C compiler works
configure:3640: gcc    conftest.c  >&5
configure:3644: $? = 0
configure:3692: result: yes
configure:3695: checking for C compiler default output file name
configure:3697: result: a.out
configure:3703: checking for suffix of executables
configure:3710: gcc -o conftest    conftest.c  >&5
configure:3714: $? = 0
configure:3736: result: 
configure:3758: checking whether we are cross compiling
configure:3766: gcc -o conftest    conftest.c  >&5
configure:3770: $? = 0
configure:3777: ./conftest
configure:3781: $? = 0
configure:3796: result: no
configure:3801: checking for suffix of object files
configure:3823: gcc -c   conftest.c >&5
configure:3827: $? = 0
configure:3848: result: o
configure:3852: checking whether we are using the GNU C compiler
configure:3871: gcc -c   conftest.c >&5
configure:3871: $? = 0
configure:3880: result: yes
configure:3889: checking whether gcc accepts -g
configure:3909: gcc -c -g  conftest.c >&5
configure:3909: $? = 0
configure:3950: result: yes
configure:3967: checking for gcc option to accept ISO C89
configure:4030: gcc  -c -g -O2  conftest.c >&5
configure:4030: $? = 0
configure:4043: result: none needed
configure:4068: checking whether gcc understands -c and -o together
configure:4090: gcc -c conftest.c -o conftest2.o
configure:4093: $? = 0
configure:4090: gcc -c conftest.c -o conftest2.o
configure:4093: $? = 0
configure:4105: result: yes
configure:4124: checking dependency style of gcc
configure:4235: result: gcc3
configure:4250: checking for a sed that does not truncate output
configure:4314: result: /bin/sed
configure:4332: checking for grep that handles long lines and -e
configure:4390: result: /bin/grep
configure:4395: checking for egrep
configure:4457: result: /bin/grep -E
configure:4462: checking for fgrep
configure:4524: result: /bin/grep -F
configure:4559: checking for ld used by gcc
configure:4626: result: /usr/bin/ld
configure:4633: checking if the linker (/usr/bin/ld) is GNU ld
configure:4648: result: yes
configure:4660: checking for BSD- or MS-compatible name lister (nm)
configure:4709: result: /usr/bin/nm -B
configure:4839: checking the name lister (/usr/bin/nm -B) interface
configure:4846: gcc -c -g -O2  conftest.c >&5
configure:4849: /usr/bin/nm -B "conftest.o"
configure:4852: output
00000000 B some_variable
configure:4859: result: BSD nm
configure:4862: checking whether ln -s works
configure:4866: result: yes
configure:4874: checking the maximum length of command line arguments
configure:5005: result: 1572864
configure:5022: checking whether the shell understands some XSI constructs
configure:5032: result: yes
configure:5036: checking whether the shell understands "+="
configure:5042: result: yes
configure:5077: checking how to convert armv7l-unknown-linux-gnueabihf file names to armv7l-unknown-linux-gnueabihf format
configure:5117: result: func_convert_file_noop
configure:5124: checking how to convert armv7l-unknown-linux-gnueabihf file names to toolchain format
configure:5144: result: func_convert_file_noop
configure:5151: checking for /usr/bin/ld option to reload object files
configure:5158: result: -r
configure:5232: checking for objdump
configure:5248: found /usr/bin/objdump
configure:5259: result: objdump
configure:5291: checking how to recognize dependent libraries
configure:5489: result: pass_all
configure:5574: checking for dlltool
configure:5604: result: no
configure:5634: checking how to associate runtime and link libraries
configure:5661: result: printf %s\n
configure:5722: checking for ar
configure:5738: found /usr/bin/ar
configure:5749: result: ar
configure:5786: checking for archiver @FILE support
configure:5803: gcc -c -g -O2  conftest.c >&5
configure:5803: $? = 0
configure:5806: ar cru libconftest.a @conftest.lst >&5
configure:5809: $? = 0
configure:5814: ar cru libconftest.a @conftest.lst >&5
ar: conftest.o: No such file or directory
configure:5817: $? = 1
configure:5829: result: @
configure:5887: checking for strip
configure:5903: found /usr/bin/strip
configure:5914: result: strip
configure:5986: checking for ranlib
configure:6002: found /usr/bin/ranlib
configure:6013: result: ranlib
configure:6115: checking command to parse /usr/bin/nm -B output from gcc object
configure:6235: gcc -c -g -O2  conftest.c >&5
configure:6238: $? = 0
configure:6242: /usr/bin/nm -B conftest.o \| sed -n -e 's/^.*[ ]\([ABCDGIRSTW][ABCDGIRSTW]*\)[ ][ ]*\([_A-Za-z][_A-Za-z0-9]*\)$/\1 \2 \2/p' | sed '/ __gnu_lto/d' \> conftest.nm
configure:6245: $? = 0
configure:6311: gcc -o conftest -g -O2   conftest.c conftstm.o >&5
configure:6314: $? = 0
configure:6352: result: ok
configure:6389: checking for sysroot
configure:6419: result: no
configure:6688: checking for mt
configure:6704: found /bin/mt
configure:6715: result: mt
configure:6738: checking if mt is a manifest tool
configure:6744: mt '-?'
configure:6752: result: no
configure:7394: checking how to run the C preprocessor
configure:7425: gcc -E  conftest.c
configure:7425: $? = 0
configure:7439: gcc -E  conftest.c
conftest.c:11:28: fatal error: ac_nonexistent.h: No such file or directory
 #include <ac_nonexistent.h>
                            ^
compilation terminated.
configure:7439: $? = 1
configure: failed program was:
| /* confdefs.h */
| #define PACKAGE_NAME "OpenSSAG"
| #define PACKAGE_TARNAME "openssag"
| #define PACKAGE_VERSION "0.1.5.1"
| #define PACKAGE_STRING "OpenSSAG 0.1.5.1"
| #define PACKAGE_BUGREPORT "eric@ejholmes.net"
| #define PACKAGE_URL ""
| #define PACKAGE "openssag"
| #define VERSION "0.1.5.1"
| /* end confdefs.h.  */
| #include <ac_nonexistent.h>
configure:7464: result: gcc -E
configure:7484: gcc -E  conftest.c
configure:7484: $? = 0
configure:7498: gcc -E  conftest.c
conftest.c:11:28: fatal error: ac_nonexistent.h: No such file or directory
 #include <ac_nonexistent.h>
                            ^
compilation terminated.
configure:7498: $? = 1
configure: failed program was:
| /* confdefs.h */
| #define PACKAGE_NAME "OpenSSAG"
| #define PACKAGE_TARNAME "openssag"
| #define PACKAGE_VERSION "0.1.5.1"
| #define PACKAGE_STRING "OpenSSAG 0.1.5.1"
| #define PACKAGE_BUGREPORT "eric@ejholmes.net"
| #define PACKAGE_URL ""
| #define PACKAGE "openssag"
| #define VERSION "0.1.5.1"
| /* end confdefs.h.  */
| #include <ac_nonexistent.h>
configure:7527: checking for ANSI C header files
configure:7547: gcc -c -g -O2  conftest.c >&5
configure:7547: $? = 0
configure:7620: gcc -o conftest -g -O2   conftest.c  >&5
configure:7620: $? = 0
configure:7620: ./conftest
configure:7620: $? = 0
configure:7631: result: yes
configure:7644: checking for sys/types.h
configure:7644: gcc -c -g -O2  conftest.c >&5
configure:7644: $? = 0
configure:7644: result: yes
configure:7644: checking for sys/stat.h
configure:7644: gcc -c -g -O2  conftest.c >&5
configure:7644: $? = 0
configure:7644: result: yes
configure:7644: checking for stdlib.h
configure:7644: gcc -c -g -O2  conftest.c >&5
configure:7644: $? = 0
configure:7644: result: yes
configure:7644: checking for string.h
configure:7644: gcc -c -g -O2  conftest.c >&5
configure:7644: $? = 0
configure:7644: result: yes
configure:7644: checking for memory.h
configure:7644: gcc -c -g -O2  conftest.c >&5
configure:7644: $? = 0
configure:7644: result: yes
configure:7644: checking for strings.h
configure:7644: gcc -c -g -O2  conftest.c >&5
configure:7644: $? = 0
configure:7644: result: yes
configure:7644: checking for inttypes.h
configure:7644: gcc -c -g -O2  conftest.c >&5
configure:7644: $? = 0
configure:7644: result: yes
configure:7644: checking for stdint.h
configure:7644: gcc -c -g -O2  conftest.c >&5
configure:7644: $? = 0
configure:7644: result: yes
configure:7644: checking for unistd.h
configure:7644: gcc -c -g -O2  conftest.c >&5
configure:7644: $? = 0
configure:7644: result: yes
configure:7658: checking for dlfcn.h
configure:7658: gcc -c -g -O2  conftest.c >&5
configure:7658: $? = 0
configure:7658: result: yes
configure:7864: checking for objdir
configure:7879: result: .libs
configure:8150: checking if gcc supports -fno-rtti -fno-exceptions
configure:8168: gcc -c -g -O2  -fno-rtti -fno-exceptions conftest.c >&5
cc1: warning: command line option '-fno-rtti' is valid for C++/ObjC++ but not for C
configure:8172: $? = 0
configure:8185: result: no
configure:8512: checking for gcc option to produce PIC
configure:8519: result: -fPIC -DPIC
configure:8527: checking if gcc PIC flag -fPIC -DPIC works
configure:8545: gcc -c -g -O2  -fPIC -DPIC -DPIC conftest.c >&5
configure:8549: $? = 0
configure:8562: result: yes
configure:8591: checking if gcc static flag -static works
configure:8619: result: yes
configure:8634: checking if gcc supports -c -o file.o
configure:8655: gcc -c -g -O2  -o out/conftest2.o conftest.c >&5
configure:8659: $? = 0
configure:8681: result: yes
configure:8689: checking if gcc supports -c -o file.o
configure:8736: result: yes
configure:8769: checking whether the gcc linker (/usr/bin/ld) supports shared libraries
configure:9926: result: yes
configure:9963: checking whether -lc should be explicitly linked in
configure:9971: gcc -c -g -O2  conftest.c >&5
configure:9974: $? = 0
configure:9989: gcc -shared  -fPIC -DPIC conftest.o  -v -Wl,-soname -Wl,conftest -o conftest 2\>\&1 \| /bin/grep  -lc  \>/dev/null 2\>\&1
configure:9992: $? = 0
configure:10006: result: no
configure:10166: checking dynamic linker characteristics
configure:10666: gcc -o conftest -g -O2   -Wl,-rpath -Wl,/foo conftest.c  >&5
configure:10666: $? = 0
configure:10900: result: GNU/Linux ld.so
configure:11007: checking how to hardcode library paths into programs
configure:11032: result: immediate
configure:11572: checking whether stripping libraries is possible
configure:11577: result: yes
configure:11612: checking if libtool supports shared libraries
configure:11614: result: yes
configure:11617: checking whether to build shared libraries
configure:11638: result: yes
configure:11641: checking whether to build static libraries
configure:11645: result: yes
configure:11785: checking the archiver (ar) interface
configure:11801: gcc -c -g -O2  conftest.c >&5
configure:11801: $? = 0
configure:11803: ar cru libconftest.a conftest.o >&5
configure:11806: $? = 0
configure:11834: result: ar
configure:11914: checking for g++
configure:11930: found /usr/bin/g++
configure:11941: result: g++
configure:11968: checking for C++ compiler version
configure:11977: g++ --version >&5
g++ (Ubuntu/Linaro 4.9.1-16ubuntu6) 4.9.1
Copyright (C) 2014 Free Software Foundation, Inc.
This is free software; see the source for copying conditions.  There is NO
warranty; not even for MERCHANTABILITY or FITNESS FOR A PARTICULAR PURPOSE.

configure:11988: $? = 0
configure:11977: g++ -v >&5
Using built-in specs.
COLLECT_GCC=g++
COLLECT_LTO_WRAPPER=/usr/lib/gcc/arm-linux-gnueabihf/4.9/lto-wrapper
Target: arm-linux-gnueabihf
Configured with: ../src/configure -v --with-pkgversion='Ubuntu/Linaro 4.9.1-16ubuntu6' --with-bugurl=file:///usr/share/doc/gcc-4.9/README.Bugs --enable-languages=c,c++,java,go,d,fortran,objc,obj-c++ --prefix=/usr --program-suffix=-4.9 --enable-shared --enable-linker-build-id --libexecdir=/usr/lib --without-included-gettext --enable-threads=posix --with-gxx-include-dir=/usr/include/c++/4.9 --libdir=/usr/lib --enable-nls --with-sysroot=/ --enable-clocale=gnu --enable-libstdcxx-debug --enable-libstdcxx-time=yes --enable-gnu-unique-object --disable-libitm --disable-libquadmath --enable-plugin --with-system-zlib --disable-browser-plugin --enable-java-awt=gtk --enable-gtk-cairo --with-java-home=/usr/lib/jvm/java-1.5.0-gcj-4.9-armhf/jre --enable-java-home --with-jvm-root-dir=/usr/lib/jvm/java-1.5.0-gcj-4.9-armhf --with-jvm-jar-dir=/usr/lib/jvm-exports/java-1.5.0-gcj-4.9-armhf --with-arch-directory=arm --with-ecj-jar=/usr/share/java/eclipse-ecj.jar --enable-objc-gc --enable-multiarch --enable-multilib --disable-sjlj-exceptions --with-arch=armv7-a --with-fpu=vfpv3-d16 --with-float=hard --with-mode=thumb --disable-werror --enable-multilib --enable-checking=release --build=arm-linux-gnueabihf --host=arm-linux-gnueabihf --target=arm-linux-gnueabihf
Thread model: posix
gcc version 4.9.1 (Ubuntu/Linaro 4.9.1-16ubuntu6) 
configure:11988: $? = 0
configure:11977: g++ -V >&5
g++: error: unrecognized command line option '-V'
g++: fatal error: no input files
compilation terminated.
configure:11988: $? = 4
configure:11977: g++ -qversion >&5
g++: error: unrecognized command line option '-qversion'
g++: fatal error: no input files
compilation terminated.
configure:11988: $? = 4
configure:11992: checking whether we are using the GNU C++ compiler
configure:12011: g++ -c   conftest.cpp >&5
configure:12011: $? = 0
configure:12020: result: yes
configure:12029: checking whether g++ accepts -g
configure:12049: g++ -c -g  conftest.cpp >&5
configure:12049: $? = 0
configure:12090: result: yes
configure:12115: checking dependency style of g++
configure:12226: result: gcc3
configure:12259: checking how to run the C++ preprocessor
configure:12286: g++ -E  conftest.cpp
configure:12286: $? = 0
configure:12300: g++ -E  conftest.cpp
conftest.cpp:23:28: fatal error: ac_nonexistent.h: No such file or directory
 #include <ac_nonexistent.h>
                            ^
compilation terminated.
configure:12300: $? = 1
configure: failed program was:
| /* confdefs.h */
| #define PACKAGE_NAME "OpenSSAG"
| #define PACKAGE_TARNAME "openssag"
| #define PACKAGE_VERSION "0.1.5.1"
| #define PACKAGE_STRING "OpenSSAG 0.1.5.1"
| #define PACKAGE_BUGREPORT "eric@ejholmes.net"
| #define PACKAGE_URL ""
| #define PACKAGE "openssag"
| #define VERSION "0.1.5.1"
| #define STDC_HEADERS 1
| #define HAVE_SYS_TYPES_H 1
| #define HAVE_SYS_STAT_H 1
| #define HAVE_STDLIB_H 1
| #define HAVE_STRING_H 1
| #define HAVE_MEMORY_H 1
| #define HAVE_STRINGS_H 1
| #define HAVE_INTTYPES_H 1
| #define HAVE_STDINT_H 1
| #define HAVE_UNISTD_H 1
| #define HAVE_DLFCN_H 1
| #define LT_OBJDIR ".libs/"
| /* end confdefs.h.  */
| #include <ac_nonexistent.h>
configure:12325: result: g++ -E
configure:12345: g++ -E  conftest.cpp
configure:12345: $? = 0
configure:12359: g++ -E  conftest.cpp
conftest.cpp:23:28: fatal error: ac_nonexistent.h: No such file or directory
 #include <ac_nonexistent.h>
                            ^
compilation terminated.
configure:12359: $? = 1
configure: failed program was:
| /* confdefs.h */
| #define PACKAGE_NAME "OpenSSAG"
| #define PACKAGE_TARNAME "openssag"
| #define PACKAGE_VERSION "0.1.5.1"
| #define PACKAGE_STRING "OpenSSAG 0.1.5.1"
| #define PACKAGE_BUGREPORT "eric@ejholmes.net"
| #define PACKAGE_URL ""
| #define PACKAGE "openssag"
| #define VERSION "0.1.5.1"
| #define STDC_HEADERS 1
| #define HAVE_SYS_TYPES_H 1
| #define HAVE_SYS_STAT_H 1
| #define HAVE_STDLIB_H 1
| #define HAVE_STRING_H 1
| #define HAVE_MEMORY_H 1
| #define HAVE_STRINGS_H 1
| #define HAVE_INTTYPES_H 1
| #define HAVE_STDINT_H 1
| #define HAVE_UNISTD_H 1
| #define HAVE_DLFCN_H 1
| #define LT_OBJDIR ".libs/"
| /* end confdefs.h.  */
| #include <ac_nonexistent.h>
configure:12528: checking for ld used by g++
configure:12595: result: /usr/bin/ld
configure:12602: checking if the linker (/usr/bin/ld) is GNU ld
configure:12617: result: yes
configure:12672: checking whether the g++ linker (/usr/bin/ld) supports shared libraries
configure:13674: result: yes
configure:13710: g++ -c -g -O2  conftest.cpp >&5
configure:13713: $? = 0
configure:14233: checking for g++ option to produce PIC
configure:14240: result: -fPIC -DPIC
configure:14248: checking if g++ PIC flag -fPIC -DPIC works
configure:14266: g++ -c -g -O2  -fPIC -DPIC -DPIC conftest.cpp >&5
configure:14270: $? = 0
configure:14283: result: yes
configure:14306: checking if g++ static flag -static works
configure:14334: result: yes
configure:14346: checking if g++ supports -c -o file.o
configure:14367: g++ -c -g -O2  -o out/conftest2.o conftest.cpp >&5
configure:14371: $? = 0
configure:14393: result: yes
configure:14398: checking if g++ supports -c -o file.o
configure:14445: result: yes
configure:14475: checking whether the g++ linker (/usr/bin/ld) supports shared libraries
configure:14514: result: yes
configure:14655: checking dynamic linker characteristics
configure:15323: result: GNU/Linux ld.so
configure:15376: checking how to hardcode library paths into programs
configure:15401: result: immediate
configure:15489: checking for gcc
configure:15516: result: gcc
configure:15745: checking for C compiler version
configure:15754: gcc --version >&5
gcc (Ubuntu/Linaro 4.9.1-16ubuntu6) 4.9.1
Copyright (C) 2014 Free Software Foundation, Inc.
This is free software; see the source for copying conditions.  There is NO
warranty; not even for MERCHANTABILITY or FITNESS FOR A PARTICULAR PURPOSE.

configure:15765: $? = 0
configure:15754: gcc -v >&5
Using built-in specs.
COLLECT_GCC=gcc
COLLECT_LTO_WRAPPER=/usr/lib/gcc/arm-linux-gnueabihf/4.9/lto-wrapper
Target: arm-linux-gnueabihf
Configured with: ../src/configure -v --with-pkgversion='Ubuntu/Linaro 4.9.1-16ubuntu6' --with-bugurl=file:///usr/share/doc/gcc-4.9/README.Bugs --enable-languages=c,c++,java,go,d,fortran,objc,obj-c++ --prefix=/usr --program-suffix=-4.9 --enable-shared --enable-linker-build-id --libexecdir=/usr/lib --without-included-gettext --enable-threads=posix --with-gxx-include-dir=/usr/include/c++/4.9 --libdir=/usr/lib --enable-nls --with-sysroot=/ --enable-clocale=gnu --enable-libstdcxx-debug --enable-libstdcxx-time=yes --enable-gnu-unique-object --disable-libitm --disable-libquadmath --enable-plugin --with-system-zlib --disable-browser-plugin --enable-java-awt=gtk --enable-gtk-cairo --with-java-home=/usr/lib/jvm/java-1.5.0-gcj-4.9-armhf/jre --enable-java-home --with-jvm-root-dir=/usr/lib/jvm/java-1.5.0-gcj-4.9-armhf --with-jvm-jar-dir=/usr/lib/jvm-exports/java-1.5.0-gcj-4.9-armhf --with-arch-directory=arm --with-ecj-jar=/usr/share/java/eclipse-ecj.jar --enable-objc-gc --enable-multiarch --enable-multilib --disable-sjlj-exceptions --with-arch=armv7-a --with-fpu=vfpv3-d16 --with-float=hard --with-mode=thumb --disable-werror --enable-multilib --enable-checking=release --build=arm-linux-gnueabihf --host=arm-linux-gnueabihf --target=arm-linux-gnueabihf
Thread model: posix
gcc version 4.9.1 (Ubuntu/Linaro 4.9.1-16ubuntu6) 
configure:15765: $? = 0
configure:15754: gcc -V >&5
gcc: error: unrecognized command line option '-V'
gcc: fatal error: no input files
compilation terminated.
configure:15765: $? = 4
configure:15754: gcc -qversion >&5
gcc: error: unrecognized command line option '-qversion'
gcc: fatal error: no input files
compilation terminated.
configure:15765: $? = 4
configure:15769: checking whether we are using the GNU C compiler
configure:15797: result: yes
configure:15806: checking whether gcc accepts -g
configure:15867: result: yes
configure:15884: checking for gcc option to accept ISO C89
configure:15960: result: none needed
configure:15985: checking whether gcc understands -c and -o together
configure:16022: result: yes
configure:16041: checking dependency style of gcc
configure:16152: result: gcc3
configure:16222: checking for pkg-config
configure:16240: found /usr/bin/pkg-config
configure:16252: result: /usr/bin/pkg-config
configure:16277: checking pkg-config is at least version 0.9.0
configure:16280: result: yes
configure:16447: checking for libusb-config
configure:16465: found /usr/bin/libusb-config
configure:16477: result: /usr/bin/libusb-config
configure:16489: checking for LIBUSB
configure:16496: $PKG_CONFIG --exists --print-errors "libusb"
configure:16499: $? = 0
configure:16513: $PKG_CONFIG --exists --print-errors "libusb"
configure:16516: $? = 0
configure:16734: result: yes
configure:16851: checking for stdlib.h
configure:16851: result: yes
configure:16851: checking for string.h
configure:16851: result: yes
configure:16863: checking for stdbool.h that conforms to C99
configure:16930: gcc -c -g -O2  conftest.c >&5
configure:16930: $? = 0
configure:16937: result: yes
configure:16939: checking for _Bool
configure:16939: gcc -c -g -O2  conftest.c >&5
configure:16939: $? = 0
configure:16939: gcc -c -g -O2  conftest.c >&5
conftest.c: In function 'main':
conftest.c:61:20: error: expected expression before ')' token
 if (sizeof ((_Bool)))
                    ^
configure:16939: $? = 1
configure: failed program was:
| /* confdefs.h */
| #define PACKAGE_NAME "OpenSSAG"
| #define PACKAGE_TARNAME "openssag"
| #define PACKAGE_VERSION "0.1.5.1"
| #define PACKAGE_STRING "OpenSSAG 0.1.5.1"
| #define PACKAGE_BUGREPORT "eric@ejholmes.net"
| #define PACKAGE_URL ""
| #define PACKAGE "openssag"
| #define VERSION "0.1.5.1"
| #define STDC_HEADERS 1
| #define HAVE_SYS_TYPES_H 1
| #define HAVE_SYS_STAT_H 1
| #define HAVE_STDLIB_H 1
| #define HAVE_STRING_H 1
| #define HAVE_MEMORY_H 1
| #define HAVE_STRINGS_H 1
| #define HAVE_INTTYPES_H 1
| #define HAVE_STDINT_H 1
| #define HAVE_UNISTD_H 1
| #define HAVE_DLFCN_H 1
| #define LT_OBJDIR ".libs/"
| #define HAVE_STDLIB_H 1
| #define HAVE_STRING_H 1
| /* end confdefs.h.  */
| #include <stdio.h>
| #ifdef HAVE_SYS_TYPES_H
| # include <sys/types.h>
| #endif
| #ifdef HAVE_SYS_STAT_H
| # include <sys/stat.h>
| #endif
| #ifdef STDC_HEADERS
| # include <stdlib.h>
| # include <stddef.h>
| #else
| # ifdef HAVE_STDLIB_H
| #  include <stdlib.h>
| # endif
| #endif
| #ifdef HAVE_STRING_H
| # if !defined STDC_HEADERS && defined HAVE_MEMORY_H
| #  include <memory.h>
| # endif
| # include <string.h>
| #endif
| #ifdef HAVE_STRINGS_H
| # include <strings.h>
| #endif
| #ifdef HAVE_INTTYPES_H
| # include <inttypes.h>
| #endif
| #ifdef HAVE_STDINT_H
| # include <stdint.h>
| #endif
| #ifdef HAVE_UNISTD_H
| # include <unistd.h>
| #endif
| int
| main ()
| {
| if (sizeof ((_Bool)))
| 	    return 0;
|   ;
|   return 0;
| }
configure:16939: result: yes
configure:16956: checking for inline
configure:16972: gcc -c -g -O2  conftest.c >&5
configure:16972: $? = 0
configure:16980: result: inline
configure:17002: checking for stdlib.h
configure:17002: result: yes
configure:17012: checking for GNU libc compatible malloc
configure:17036: gcc -o conftest -g -O2   conftest.c  >&5
configure:17036: $? = 0
configure:17036: ./conftest
configure:17036: $? = 0
configure:17046: result: yes
configure:17179: checking that generated files are newer than configure
configure:17185: result: done
configure:17224: creating ./config.status

## ---------------------- ##
## Running config.status. ##
## ---------------------- ##

This file was extended by OpenSSAG config.status 0.1.5.1, which was
generated by GNU Autoconf 2.69.  Invocation command line was

  CONFIG_FILES    = 
  CONFIG_HEADERS  = 
  CONFIG_LINKS    = 
  CONFIG_COMMANDS = 
  $ ./config.status 

on raspberry

config.status:1163: creating Makefile
config.status:1163: creating src/Makefile
config.status:1163: creating src/commandline/Makefile
config.status:1163: creating config.h
config.status:1392: executing depfiles commands
config.status:1392: executing libtool commands

## ---------------- ##
## Cache variables. ##
## ---------------- ##

ac_cv_build=armv7l-unknown-linux-gnueabihf
ac_cv_c_compiler_gnu=yes
ac_cv_c_inline=inline
ac_cv_cxx_compiler_gnu=yes
ac_cv_env_CCC_set=
ac_cv_env_CCC_value=
ac_cv_env_CC_set=
ac_cv_env_CC_value=
ac_cv_env_CFLAGS_set=
ac_cv_env_CFLAGS_value=
ac_cv_env_CPPFLAGS_set=
ac_cv_env_CPPFLAGS_value=
ac_cv_env_CPP_set=
ac_cv_env_CPP_value=
ac_cv_env_CXXCPP_set=
ac_cv_env_CXXCPP_value=
ac_cv_env_CXXFLAGS_set=
ac_cv_env_CXXFLAGS_value=
ac_cv_env_CXX_set=
ac_cv_env_CXX_value=
ac_cv_env_LDFLAGS_set=
ac_cv_env_LDFLAGS_value=
ac_cv_env_LIBS_set=
ac_cv_env_LIBS_value=
ac_cv_env_LIBUSB_CFLAGS_set=
ac_cv_env_LIBUSB_CFLAGS_value=
ac_cv_env_LIBUSB_LIBS_set=
ac_cv_env_LIBUSB_LIBS_value=
ac_cv_env_MAGICKCORE_CFLAGS_set=
ac_cv_env_MAGICKCORE_CFLAGS_value=
ac_cv_env_MAGICKCORE_LIBS_set=
ac_cv_env_MAGICKCORE_LIBS_value=
ac_cv_env_PKG_CONFIG_LIBDIR_set=
ac_cv_env_PKG_CONFIG_LIBDIR_value=
ac_cv_env_PKG_CONFIG_PATH_set=
ac_cv_env_PKG_CONFIG_PATH_value=
ac_cv_env_PKG_CONFIG_set=
ac_cv_env_PKG_CONFIG_value=
ac_cv_env_build_alias_set=
ac_cv_env_build_alias_value=
ac_cv_env_host_alias_set=
ac_cv_env_host_alias_value=
ac_cv_env_target_alias_set=
ac_cv_env_target_alias_value=
ac_cv_func_malloc_0_nonnull=yes
ac_cv_header_dlfcn_h=yes
ac_cv_header_inttypes_h=yes
ac_cv_header_memory_h=yes
ac_cv_header_stdbool_h=yes
ac_cv_header_stdc=yes
ac_cv_header_stdint_h=yes
ac_cv_header_stdlib_h=yes
ac_cv_header_string_h=yes
ac_cv_header_strings_h=yes
ac_cv_header_sys_stat_h=yes
ac_cv_header_sys_types_h=yes
ac_cv_header_unistd_h=yes
ac_cv_host=armv7l-unknown-linux-gnueabihf
ac_cv_objext=o
ac_cv_path_EGREP='/bin/grep -E'
ac_cv_path_FGREP='/bin/grep -F'
ac_cv_path_GREP=/bin/grep
ac_cv_path_LIBUSB_CONFIG=/usr/bin/libusb-config
ac_cv_path_SED=/bin/sed
ac_cv_path_ac_pt_PKG_CONFIG=/usr/bin/pkg-config
ac_cv_path_install='/usr/bin/install -c'
ac_cv_path_mkdir=/bin/mkdir
ac_cv_prog_AWK=gawk
ac_cv_prog_CPP='gcc -E'
ac_cv_prog_CXXCPP='g++ -E'
ac_cv_prog_ac_ct_AR=ar
ac_cv_prog_ac_ct_CC=gcc
ac_cv_prog_ac_ct_CXX=g++
ac_cv_prog_ac_ct_MANIFEST_TOOL=mt
ac_cv_prog_ac_ct_OBJDUMP=objdump
ac_cv_prog_ac_ct_RANLIB=ranlib
ac_cv_prog_ac_ct_STRIP=strip
ac_cv_prog_cc_c89=
ac_cv_prog_cc_g=yes
ac_cv_prog_cxx_g=yes
ac_cv_prog_make_make_set=yes
ac_cv_type__Bool=yes
am_cv_CC_dependencies_compiler_type=gcc3
am_cv_CXX_dependencies_compiler_type=gcc3
am_cv_ar_interface=ar
am_cv_make_support_nested_variables=yes
am_cv_prog_cc_c_o=yes
lt_cv_ar_at_file=@
lt_cv_archive_cmds_need_lc=no
lt_cv_deplibs_check_method=pass_all
lt_cv_file_magic_cmd='$MAGIC_CMD'
lt_cv_file_magic_test_file=
lt_cv_ld_reload_flag=-r
lt_cv_nm_interface='BSD nm'
lt_cv_objdir=.libs
lt_cv_path_LD=/usr/bin/ld
lt_cv_path_LDCXX=/usr/bin/ld
lt_cv_path_NM='/usr/bin/nm -B'
lt_cv_path_mainfest_tool=no
lt_cv_prog_compiler_c_o=yes
lt_cv_prog_compiler_c_o_CXX=yes
lt_cv_prog_compiler_pic='-fPIC -DPIC'
lt_cv_prog_compiler_pic_CXX='-fPIC -DPIC'
lt_cv_prog_compiler_pic_works=yes
lt_cv_prog_compiler_pic_works_CXX=yes
lt_cv_prog_compiler_rtti_exceptions=no
lt_cv_prog_compiler_static_works=yes
lt_cv_prog_compiler_static_works_CXX=yes
lt_cv_prog_gnu_ld=yes
lt_cv_prog_gnu_ldcxx=yes
lt_cv_sharedlib_from_linklib_cmd='printf %s\n'
lt_cv_shlibpath_overrides_runpath=no
lt_cv_sys_global_symbol_pipe='sed -n -e '\''s/^.*[	 ]\([ABCDGIRSTW][ABCDGIRSTW]*\)[	 ][	 ]*\([_A-Za-z][_A-Za-z0-9]*\)$/\1 \2 \2/p'\'' | sed '\''/ __gnu_lto/d'\'''
lt_cv_sys_global_symbol_to_c_name_address='sed -n -e '\''s/^: \([^ ]*\)[ ]*$/  {\"\1\", (void *) 0},/p'\'' -e '\''s/^[ABCDGIRSTW]* \([^ ]*\) \([^ ]*\)$/  {"\2", (void *) \&\2},/p'\'''
lt_cv_sys_global_symbol_to_c_name_address_lib_prefix='sed -n -e '\''s/^: \([^ ]*\)[ ]*$/  {\"\1\", (void *) 0},/p'\'' -e '\''s/^[ABCDGIRSTW]* \([^ ]*\) \(lib[^ ]*\)$/  {"\2", (void *) \&\2},/p'\'' -e '\''s/^[ABCDGIRSTW]* \([^ ]*\) \([^ ]*\)$/  {"lib\2", (void *) \&\2},/p'\'''
lt_cv_sys_global_symbol_to_cdecl='sed -n -e '\''s/^T .* \(.*\)$/extern int \1();/p'\'' -e '\''s/^[ABCDGIRSTW]* .* \(.*\)$/extern char \1;/p'\'''
lt_cv_sys_max_cmd_len=1572864
lt_cv_to_host_file_cmd=func_convert_file_noop
lt_cv_to_tool_file_cmd=func_convert_file_noop
pkg_cv_LIBUSB_CFLAGS=
pkg_cv_LIBUSB_LIBS='-lusb '

## ----------------- ##
## Output variables. ##
## ----------------- ##

ACLOCAL='${SHELL} /home/linaro/Camera/openssag/missing aclocal-1.14'
AMDEPBACKSLASH='\'
AMDEP_FALSE='#'
AMDEP_TRUE=''
AMTAR='$${TAR-tar}'
AM_BACKSLASH='\'
AM_DEFAULT_V='$(AM_DEFAULT_VERBOSITY)'
AM_DEFAULT_VERBOSITY='1'
AM_V='$(V)'
AR='ar'
AUTOCONF='${SHELL} /home/linaro/Camera/openssag/missing autoconf'
AUTOHEADER='${SHELL} /home/linaro/Camera/openssag/missing autoheader'
AUTOMAKE='${SHELL} /home/linaro/Camera/openssag/missing automake-1.14'
AWK='gawk'
CC='gcc'
CCDEPMODE='depmode=gcc3'
CFLAGS='-g -O2'
CPP='gcc -E'
CPPFLAGS=''
CXX='g++'
CXXCPP='g++ -E'
CXXDEPMODE='depmode=gcc3'
CXXFLAGS='-g -O2'
CYGPATH_W='echo'
DEFS='-DHAVE_CONFIG_H'
DEPDIR='.deps'
DLLTOOL='false'
DSYMUTIL=''
DUMPBIN=''
ECHO_C=''
ECHO_N='-n'
ECHO_T=''
EGREP='/bin/grep -E'
ENABLE_TOOL_FALSE=''
ENABLE_TOOL_TRUE='#'
EXEEXT=''
FGREP='/bin/grep -F'
GREP='/bin/grep'
INSTALL_DATA='${INSTALL} -m 644'
INSTALL_PROGRAM='${INSTALL}'
INSTALL_SCRIPT='${INSTALL}'
INSTALL_STRIP_PROGRAM='$(install_sh) -c -s'
LD='/usr/bin/ld'
LDFLAGS=''
LIBOBJS=''
LIBS=''
LIBTOOL='$(SHELL) $(top_builddir)/libtool'
LIBUSB_CFLAGS=''
LIBUSB_CONFIG='/usr/bin/libusb-config'
LIBUSB_LIBS='-lusb '
LIPO=''
LN_S='ln -s'
LTLIBOBJS=''
MAGICKCORE_CFLAGS=''
MAGICKCORE_LIBS=''
MAKEINFO='${SHELL} /home/linaro/Camera/openssag/missing makeinfo'
MANIFEST_TOOL=':'
MKDIR_P='/bin/mkdir -p'
NM='/usr/bin/nm -B'
NMEDIT=''
OBJDUMP='objdump'
OBJEXT='o'
OTOOL64=''
OTOOL=''
PACKAGE='openssag'
PACKAGE_BUGREPORT='eric@ejholmes.net'
PACKAGE_NAME='OpenSSAG'
PACKAGE_STRING='OpenSSAG 0.1.5.1'
PACKAGE_TARNAME='openssag'
PACKAGE_URL=''
PACKAGE_VERSION='0.1.5.1'
PATH_SEPARATOR=':'
PKG_CONFIG='/usr/bin/pkg-config'
PKG_CONFIG_LIBDIR=''
PKG_CONFIG_PATH=''
RANLIB='ranlib'
SED='/bin/sed'
SET_MAKE=''
SHARED_FALSE='#'
SHARED_TRUE=''
SHELL='/bin/bash'
STRIP='strip'
VERSION='0.1.5.1'
ac_ct_AR='ar'
ac_ct_CC='gcc'
ac_ct_CXX='g++'
ac_ct_DUMPBIN=''
am__EXEEXT_FALSE=''
am__EXEEXT_TRUE='#'
am__fastdepCC_FALSE='#'
am__fastdepCC_TRUE=''
am__fastdepCXX_FALSE='#'
am__fastdepCXX_TRUE=''
am__include='include'
am__isrc=''
am__leading_dot='.'
am__nodep='_no'
am__quote=''
am__tar='$${TAR-tar} chof - "$$tardir"'
am__untar='$${TAR-tar} xf -'
bindir='${exec_prefix}/bin'
build='armv7l-unknown-linux-gnueabihf'
build_alias=''
build_cpu='armv7l'
build_os='linux-gnueabihf'
build_vendor='unknown'
datadir='${datarootdir}'
datarootdir='${prefix}/share'
docdir='${datarootdir}/doc/${PACKAGE_TARNAME}'
dvidir='${docdir}'
exec_prefix='${prefix}'
host='armv7l-unknown-linux-gnueabihf'
host_alias=''
host_cpu='armv7l'
host_os='linux-gnueabihf'
host_vendor='unknown'
htmldir='${docdir}'
includedir='${prefix}/include'
infodir='${datarootdir}/info'
install_sh='${SHELL} /home/linaro/Camera/openssag/install-sh'
libdir='${exec_prefix}/lib'
libexecdir='${exec_prefix}/libexec'
localedir='${datarootdir}/locale'
localstatedir='${prefix}/var'
mandir='${datarootdir}/man'
mkdir_p='$(MKDIR_P)'
oldincludedir='/usr/include'
pdfdir='${docdir}'
prefix='/usr'
program_transform_name='s,x,x,'
psdir='${docdir}'
sbindir='${exec_prefix}/sbin'
sharedstatedir='${prefix}/com'
sysconfdir='${prefix}/etc'
target_alias=''

## ----------- ##
## confdefs.h. ##
## ----------- ##

/* confdefs.h */
#define PACKAGE_NAME "OpenSSAG"
#define PACKAGE_TARNAME "openssag"
#define PACKAGE_VERSION "0.1.5.1"
#define PACKAGE_STRING "OpenSSAG 0.1.5.1"
#define PACKAGE_BUGREPORT "eric@ejholmes.net"
#define PACKAGE_URL ""
#define PACKAGE "openssag"
#define VERSION "0.1.5.1"
#define STDC_HEADERS 1
#define HAVE_SYS_TYPES_H 1
#define HAVE_SYS_STAT_H 1
#define HAVE_STDLIB_H 1
#define HAVE_STRING_H 1
#define HAVE_MEMORY_H 1
#define HAVE_STRINGS_H 1
#define HAVE_INTTYPES_H 1
#define HAVE_STDINT_H 1
#define HAVE_UNISTD_H 1
#define HAVE_DLFCN_H 1
#define LT_OBJDIR ".libs/"
#define HAVE_STDLIB_H 1
#define HAVE_STRING_H 1
#define HAVE__BOOL 1
#define HAVE_STDBOOL_H 1
#define HAVE_STDLIB_H 1
#define HAVE_MALLOC 1

configure: exit 0
