Starting IRSC sequence at 03:47:00Z on MJD 57591

RUN PARAMETERS FOR THIS RUN
 CX =  161  Center of camera in image, x
 CY =  123  Center of camera in image, y
 RC =   15  Outer radius of image of camera
 RO =  100  Outer radius of mask region
 RE =  135  Outer 'useful' radius
 RM =  145  Radius of mirror in image 
 NF =  256  Number of frames avgd per exposure
 SL =  127  Sky level in gifs
NAV =   16  Number of exposures avgd for sky subtr
IVL =   30  Interval in seconds between frames
SHF =    3  Bits to downshift raw images for processing


raw fits file dtb  dte  sky	sig
cR034700.fit   0     4   399  0.00
cR034730.fit   0     2   330  0.00
cR034800.fit   0     3   330  0.00
cR034830.fit   0     3   330  0.00
cR034900.fit   0     3   330  0.00
cR034930.fit   0     3   330  0.00
cR035000.fit   0     3   330  0.00
cR035030.fit   0     3   330  0.00
cR035100.fit   0     2   330  0.00
cR035130.fit   0     3   330  0.00
cR035200.fit   0     2   330  0.00
cR035230.fit   0     3   330  0.00
cR035300.fit   0     3   330  0.00
cR035330.fit   0     2   330  0.00
cR035400.fit   0     3   330  0.00
cR035430.fit   0     4   330  0.00
cR035500.fit   0     8   330  3.47
cR035530.fit   0     3   330  3.62
cR035600.fit   0     4   330  2.94
cR035630.fit   0     3   330  2.92
cR035700.fit   0     4   330  3.01
cR035730.fit   0     3   330  2.99
cR035800.fit   0     4   330  3.14
cR035830.fit   0     4   330  3.38
cR035900.fit   0     4   330  3.67
cR035930.fit   0     4   330  3.68
cR040000.fit   0     5   330  3.61
cR040030.fit   0     3   330  3.50
cR040100.fit   0     4   330  3.23
cR040130.fit   0     4   330  2.89
cR040200.fit   0     4   330  2.48
cR040230.fit   0     4   330  2.56
cR040300.fit   0     4   330  2.43
cR040330.fit   0     4   330  2.64
cR040400.fit   0     4   330  2.77
cR040430.fit   0     4   330  2.95
cR040500.fit   0     4   330  3.11
cR040530.fit   0     4   330  3.18
cR040600.fit   0     4   330  3.02
cR040630.fit   0     4   330  3.09
cR040700.fit   0     4   330  3.00
cR040730.fit   0     4   330  2.86
cR040800.fit   0     4   330  3.04
cR040830.fit   0     4   330  2.99
cR040900.fit   0     5   330  2.69
cR040930.fit   0     4   330  2.94
cR041000.fit   0     4   330  2.87
cR041030.fit   0     4   330  2.77
cR041100.fit   0     4   330  2.77
cR041130.fit   0     4   330  2.72
cR041200.fit   0     5   330  2.69
cR041230.fit   0     4   330  2.48
cR041300.fit   0     4   331  2.51
cR041330.fit   0     4   331  2.67
cR041400.fit   0     4   331  3.08
cR041430.fit   0     4   330  3.17
cR041500.fit   0     5   330  3.26
cR041530.fit   0     4   330  3.51
cR041600.fit   0     5   331  3.44
cR041630.fit   0     4   330  3.52
cR041700.fit   0     4   330  3.53
cR041730.fit   0     4   330  3.37
cR041800.fit   0     5   330  3.06
cR041830.fit   0     4   331  3.18
cR041900.fit   0     4   330  2.84
cR041930.fit   0     4   330  2.47
cR042000.fit   0     6   330  2.44
cR042030.fit   0     4   331  2.07
cR042100.fit   0     7   330  1.68
cR042130.fit   0     4   330  1.96
cR042200.fit   0     4   330  1.91
cR042230.fit   0     5   330  2.04
cR042300.fit   0     5   330  2.32
cR042330.fit   0     4   331  2.45
cR042400.fit   0     4   330  2.98
cR042430.fit   0     4   330  3.05
cR042500.fit   0     4   330  3.00
cR042530.fit   0     4   330  3.00
cR042600.fit   0     5   331  2.81
cR042630.fit   0     4   331  2.58
cR042700.fit   0     4   330  2.08
cR042730.fit   0     4   331  1.87
cR042800.fit   0     4   331  1.88
cR042830.fit   0     4   330  2.19
cR042900.fit   0     5   331  2.57
cR042930.fit   0     4   331  2.65
cR043000.fit   0     4   330  3.19
cR043030.fit   0     4   331  3.25
cR043100.fit   0     4   330  2.77
cR043130.fit   0     4   330  2.96
cR043200.fit   0     4   330  2.65
cR043230.fit   0     5   331  2.43
cR043300.fit   0     4   330  2.31
cR043330.fit   0     4   331  2.17
cR043400.fit   0     4   331  1.96
cR043430.fit   0     5   331  2.12
cR043500.fit   0     4   330  2.15
cR043530.fit   0     4   330  2.04
cR043600.fit   0     5   330  2.18
cR043630.fit   0     4   331  2.28
cR043700.fit   0     5   331  2.32
cR043730.fit   0     5   331  2.57
cR043800.fit   0     4   331  2.63
cR043830.fit   0     4   330  2.74
cR043900.fit   0     4   330  2.30
cR043930.fit   0     4   330  2.03
cR044000.fit   0     5   330  1.97
cR044030.fit   0     4   330  1.87
cR044100.fit   0     4   331  1.80
cR044130.fit   0     4   330  1.92
cR044200.fit   0     4   330  1.99
cR044230.fit   0     4   330  2.02
cR044300.fit   0     5   331  2.39
cR044330.fit   0     4   330  2.54
cR044400.fit   0     4   330  2.60
cR044430.fit   0     4   330  2.66
cR044500.fit   0     4   330  2.77
cR044530.fit   0     4   331  2.47
cR044600.fit   0     5   331  2.40
cR044630.fit   0     4   330  2.21
cR044700.fit   0     4   331  1.98
cR044730.fit   0     4   331  1.96
cR044800.fit   0     5   331  1.91
cR044830.fit   0     4   331  1.91
cR044900.fit   0     4   330  2.09
cR044930.fit   0     4   331  2.10
cR045000.fit   0     4   331  2.27
cR045030.fit   0     4   331  2.30
cR045100.fit   0     5   330  2.41
cR045130.fit   0     4   331  2.24
cR045200.fit   0     5   331  2.48
cR045230.fit   0     4   330  2.48
cR045300.fit   0     4   330  2.50
cR045330.fit   0     4   331  2.80
cR045400.fit   0     5   330  3.01
cR045430.fit   0     4   331  2.58
cR045500.fit   0     4   331  2.66
cR045530.fit   0     4   330  2.35
cR045600.fit   0     4   330  2.64
cR045630.fit   0     4   331  2.25
cR045700.fit   0     4   330  2.21
cR045730.fit   0     4   331  2.20
cR045800.fit   0     5   331  2.12
cR045830.fit   0     4   331  2.19
cR045900.fit   0     4   331  2.26
cR045930.fit   0     4   331  2.18
cR050000.fit   0     5   331  2.36
cR050030.fit   0     4   331  2.39
cR050100.fit   0     5   331  2.20
cR050130.fit   0     4   331  2.11
cR050200.fit   0     4   331  2.16
cR050230.fit   0     4   331  2.22
cR050300.fit   0     4   331  2.42
cR050330.fit   0     4   331  2.48
cR050400.fit   0     4   331  2.44
cR050430.fit   0     4   331  2.46
cR050500.fit   0     5   331  2.47
cR050530.fit   0     4   331  2.21
cR050600.fit   0     4   331  2.19
cR050630.fit   0     4   331  2.43
cR050700.fit   0     4   331  2.84
cR050730.fit   0     4   331  2.71
cR050800.fit   0     5   331  2.92
cR050830.fit   0     4   331  3.07
cR050900.fit   0     4   331  2.99
cR050930.fit   0     4   331  3.07
cR051000.fit   0     5   317  3.94
cR051030.fit   0     4   331  2.85
cR051100.fit   0     5   331  2.85
cR051130.fit   0     4   331  2.85
cR051200.fit   0     5   331  2.90
cR051230.fit   0     5   331  3.00
cR051300.fit   0     4   331  3.07
cR051330.fit   0     4   331  2.71
cR051400.fit   0     4   330  2.97
cR051430.fit   0     4   330  2.34
cR051500.fit   0     5   331  2.20
cR051530.fit   0     4   330  2.10
cR051600.fit   0     4   331  1.99
cR051630.fit   0     4   331  2.11
cR051700.fit   0     5   331  2.72
cR051730.fit   0     4   331  2.76
cR051800.fit   0     5   330  2.90
cR051830.fit   0     4   331  3.05
cR051900.fit   0     4   330  3.01
cR051930.fit   0     4   330  2.80
cR052000.fit   0     6   331  2.54
cR052030.fit   0     4   331  2.27
cR052100.fit   0     4   331  2.12
cR052130.fit   0     4   331  2.09
cR052200.fit   0     4   331  1.88
cR052230.fit   0     4   331  1.84
cR052300.fit   0     5   331  1.82
cR052330.fit   0     4   331  1.78
cR052400.fit   0     4   331  1.92
cR052430.fit   0     4   331  2.04
cR052500.fit   0     5   331  2.08
cR052530.fit   0     4   331  2.37
cR052600.fit   0     4   331  2.29
cR052630.fit   0     4   331  2.09
cR052700.fit   0     4   331  2.52
cR052730.fit   0     4   331  2.20
cR052800.fit   0     4   331  2.21
cR052830.fit   0     5   330  2.45
cR052900.fit   0     4   331  2.31
cR052930.fit   0     4   331  2.12
cR053000.fit   0     4   331  2.35
cR053030.fit   0     4   331  2.54
cR053100.fit   0     4   331  2.11
cR053130.fit   0     5   331  2.27
cR053200.fit   0     4   331  2.05
cR053230.fit   0     4   331  2.05
cR053300.fit   0     4   331  2.06
cR053330.fit   0     4   331  1.73
cR053400.fit   0     5   331  1.90
cR053430.fit   0     4   331  1.82
cR053500.fit   0     4   331  1.84
cR053530.fit   0     4   331  1.95
cR053600.fit   1     5   330  2.12
cR053630.fit   0     4   331  2.25
cR053700.fit   0     5   331  2.14
cR053730.fit   0     4   331  2.18
cR053800.fit   0     4   331  2.15
cR053830.fit   0     4   331  2.15
cR053900.fit   0     4   331  2.15
cR053930.fit   0     4   331  2.17
cR054000.fit   0     5   331  2.34
cR054030.fit   0     4   331  2.33
cR054100.fit   0     4   331  1.94
cR054130.fit   0     4   331  2.44
cR054200.fit   0     4   331  2.33
cR054230.fit   0     4   331  2.20
cR054300.fit   0     5   331  2.28
cR054330.fit   0     4   331  2.07
cR054400.fit   0     4   331  1.95
cR054430.fit   0     4   331  1.90
cR054500.fit   0     4   331  2.08
cR054530.fit   0     4   331  1.51
cR054600.fit   0     5   331  1.85
cR054630.fit   0     4   331  1.82
cR054700.fit   0     4   331  1.78
cR054730.fit   0     4   331  1.99
cR054800.fit   0     4   331  2.05
cR054830.fit   0     5   330  2.11
cR054900.fit   0     4   331  2.09
cR054930.fit   0     4   331  2.23
cR055000.fit   0     4   331  2.40
cR055030.fit   0     4   331  2.48
cR055100.fit   0     5   331  2.39
cR055130.fit   0     4   331  2.45
cR055200.fit   0     4   331  2.43
cR055230.fit   0     5   331  2.57
cR055300.fit   0     4   331  2.55
cR055330.fit   0     4   330  2.90
cR055400.fit   0     5   330  2.85
cR055430.fit   0     4   331  2.95
cR055500.fit   0     4   331  3.14
cR055530.fit   0     4   331  3.10
cR055600.fit   0     5   331  3.31
cR055630.fit   0     4   331  3.35
cR055700.fit   0     4   331  3.29
cR055730.fit   0     4   330  3.43
cR055800.fit   0     5   331  3.58
cR055830.fit   0     4   331  3.42
cR055900.fit   0     5   331  3.46
cR055930.fit   0     4   331  3.42
cR060000.fit   0     5   331  3.29
cR060030.fit   0     4   331  3.19
cR060100.fit   0     4   331  2.69
cR060130.fit   0     4   331  2.40
cR060200.fit   0     5   331  2.51
cR060230.fit   0     5   331  2.28
cR060300.fit   0     4   331  2.15
cR060330.fit   0     4   331  2.51
cR060400.fit   0     4   331  2.49
cR060430.fit   0     4   330  2.19
cR060500.fit   0     6   331  2.14
cR060530.fit   0     4   331  2.04
cR060600.fit   0     4   331  2.08
cR060630.fit   0     4   331  2.06
cR060700.fit   0     4   331  1.99
cR060730.fit   0     5   331  2.11
cR060800.fit   0     4   331  2.02
cR060830.fit   0     4   331  1.83
cR060900.fit   0     4   331  1.98
cR060930.fit   0     4   331  1.88
cR061000.fit   0     4   331  1.77
cR061030.fit   0     4   331  1.80
cR061100.fit   0     5   331  1.79
cR061130.fit   0     4   331  1.76
cR061200.fit   0     4   331  2.01
cR061230.fit   0     5   330  2.17
cR061300.fit   0     4   331  2.27
cR061330.fit   0     4   330  2.22
cR061400.fit   0     4   331  2.45
cR061430.fit   0     4   330  2.35
cR061500.fit   0     5   331  2.34
cR061530.fit   0     5   331  2.15
cR061600.fit   0     4   330  2.03
cR061630.fit   0     4   330  2.02
cR061700.fit   0     5   331  2.05
cR061730.fit   0     4   331  2.05
cR061800.fit   0     5   331  2.23
cR061830.fit   0     4   331  2.22
cR061900.fit   0     4   331  2.13
cR061930.fit   0     4   331  2.16
cR062000.fit   0     5   331  1.82
cR062030.fit   0     4   331  1.65
cR062100.fit   0     5   331  1.96
cR062130.fit   0     5   331  1.76
cR062200.fit   0     4   331  1.58
cR062230.fit   0     4   331  1.66
cR062300.fit   0     4   331  1.64
cR062330.fit   0     4   330  2.10
cR062400.fit   0     4   331  1.91
cR062430.fit   0     5   331  2.02
cR062500.fit   0     4   331  1.92
cR062530.fit   0     4   331  2.04
cR062600.fit   0     4   331  2.02
cR062630.fit   0     4   331  2.21
cR062700.fit   0     5   331  2.28
cR062730.fit   0     4   331  2.69
cR062800.fit   0     4   331  2.91
cR062830.fit   0     4   331  2.80
cR062900.fit   0     4   330  2.84
cR062930.fit   0     4   331  3.21
cR063000.fit   0     4   331  3.16
cR063030.fit   0     4   331  3.21
cR063100.fit   0     4   331  3.29
cR063130.fit   0     5   331  3.03
cR063200.fit   0     4   331  2.61
cR063230.fit   0     4   331  2.38
cR063300.fit   0     4   331  2.06
cR063330.fit   0     4   331  1.92
cR063400.fit   0     5   331  1.87
cR063430.fit   0     4   331  1.74
cR063500.fit   0     4   331  1.60
cR063530.fit   0     5   331  2.07
cR063600.fit   0     4   331  2.05
cR063630.fit   0     4   331  2.13
cR063700.fit   0     4   331  2.41
cR063730.fit   0     4   331  2.52
cR063800.fit   0     5   331  2.70
cR063830.fit   0     4   331  2.72
cR063900.fit   0     5   331  2.65
cR063930.fit   0     4   331  2.60
cR064000.fit   0     5   331  2.64
cR064030.fit   0     4   331  2.33
cR064100.fit   0     4   331  2.19
cR064130.fit   0     4   331  2.19
cR064200.fit   0     5   331  2.33
cR064230.fit   0     4   331  2.24
cR064300.fit   0     4   331  2.26
cR064330.fit   0     4   331  2.12
cR064400.fit   0     4   331  2.14
cR064430.fit   0     4   331  2.02
cR064500.fit   0     5   331  1.82
cR064530.fit   0     4   331  2.01
cR064600.fit   0     5   331  1.85
cR064630.fit   0     4   331  1.90
cR064700.fit   0     4   331  2.19
cR064730.fit   0     4   331  2.50
cR064800.fit   0     5   331  2.86
cR064830.fit   0     4   331  2.80
cR064900.fit   0     4   331  3.03
cR064930.fit   0     4   331  3.13
cR065000.fit   0     5   331  2.85
cR065030.fit   0     4   331  2.69
cR065100.fit   0     4   331  1.98
cR065130.fit   0     5   331  2.27
cR065200.fit   0     4   331  2.22
cR065230.fit   0     4   331  1.78
cR065300.fit   0     5   331  1.96
cR065330.fit   0     4   331  1.89
cR065400.fit   0     4   331  1.68
cR065430.fit   0     4   331  1.79
cR065500.fit   0     5   331  1.81
cR065530.fit   0     4   331  1.66
cR065600.fit   0     4   331  1.96
cR065630.fit   0     4   331  2.14
cR065700.fit   0     5   331  1.69
cR065730.fit   0     4   331  2.22
cR065800.fit   0     5   331  2.10
cR065830.fit   0     4   331  2.26
cR065900.fit   0     4   331  2.38
cR065930.fit   0     4   331  2.16
cR070000.fit   0     5   331  2.14
cR070030.fit   0     5   331  2.13
cR070100.fit   0     5   331  2.13
cR070130.fit   0     5   331  2.20
cR070200.fit   0     4   331  2.00
cR070230.fit   0     4   331  1.81
cR070300.fit   0     4   331  1.81
cR070330.fit   0     4   331  2.00
cR070400.fit   0     5   331  1.91
cR070430.fit   0     4   331  2.28
cR070500.fit   0     4   331  2.37
cR070530.fit   0     4   331  2.51
cR070600.fit   0     5   331  2.84
cR070630.fit   0     4   331  2.84
cR070700.fit   0     4   331  2.71
cR070730.fit   0     4   331  2.67
cR070800.fit   0     5   331  2.90
cR070830.fit   0     4   331  2.90
cR070900.fit   0     4   331  2.85
cR070930.fit   0     4   331  2.88
cR071000.fit   0     5   331  2.93
cR071030.fit   0     4   331  3.10
cR071100.fit   0     5   331  2.96
cR071130.fit   0     4   331  2.65
cR071200.fit   0     4   331  2.78
cR071230.fit   0     4   330  2.65
cR071300.fit   0     4   331  1.87
cR071330.fit   0     4   331  2.00
cR071400.fit   0     5   331  1.75
cR071430.fit   0     4   330  1.50
cR071500.fit   0     4   331  2.04
cR071530.fit   0     4   331  2.10
cR071600.fit   0     5   330  1.59
cR071630.fit   0     4   331  2.01
cR071700.fit   0     4   331  2.10
cR071730.fit   0     4   331  2.22
cR071800.fit   0     4   331  2.28
cR071830.fit   0     5   331  2.09
cR071900.fit   0     4   331  2.05
cR071930.fit   0     4   331  2.06
cR072000.fit   0     5   331  2.24
cR072030.fit   0     4   331  2.26
cR072100.fit   0     4   331  1.90
cR072130.fit   0     4   331  1.85
cR072200.fit   0     5   331  2.00
cR072230.fit   0     4   331  1.81
cR072300.fit   0     4   331  1.86
cR072330.fit   0     5   331  1.75
cR072400.fit   0     4   331  1.78
cR072430.fit   0     4   331  1.58
cR072500.fit   0     4   331  1.68
cR072530.fit   0     4   331  1.78
cR072600.fit   0     5   331  1.76
cR072630.fit   0     4   331  1.98
cR072700.fit   0     5   331  1.92
cR072730.fit   0     4   331  1.94
cR072800.fit   0     4   331  2.31
cR072830.fit   0     4   331  3.03
cR072900.fit   0     5   331  3.47
cR072930.fit   0     4   331  3.73
cR073000.fit   0     5   331  3.64
cR073030.fit   0     4   331  3.70
cR073100.fit   0     4   331  4.44
cR073130.fit   0     4   331  4.55
cR073200.fit   0     5   331  6.74
cR073230.fit   0     4   331  9.21
cR073300.fit   0     4   331 13.47
cR073330.fit   0     4   331 14.91
cR073400.fit   0     4   331 20.98
cR073430.fit   0     5   331 23.73
cR073500.fit   0     4   332 24.61
cR073530.fit   0     4   333 25.95
cR073600.fit   0     4   333 27.31
cR073630.fit   0     4   333 29.25
cR073700.fit   0     5   334 31.31
cR073730.fit   0     4   335 32.48
cR073800.fit   0     4   336 30.89
cR073830.fit   0     5   336 36.57
cR073900.fit   0     4   337 40.53
cR073930.fit   0     4   338 47.64
cR074000.fit   0     5   338 54.16
cR074030.fit   0     5   339 59.06
cR074100.fit   0     4   340 66.85
cR074130.fit   0     4   341 73.80
cR074200.fit   0     5   344 83.77
cR074230.fit   0     4   347 93.13
cR074300.fit   0     5   350 100.65
cR074330.fit   0     4   353 104.49
cR074400.fit   0     5   355 103.54
cR074430.fit   0     4   358 101.37
cR074500.fit   0     4   360 97.31
cR074530.fit   0     5   363 93.78
cR074600.fit   0     4   365 90.95
cR074630.fit   0     5   367 85.11
cR074700.fit   0     5   368 81.41
cR074730.fit   0     4   369 78.10
cR074800.fit   0     4   370 74.52
cR074830.fit   0     4   372 73.38
cR074900.fit   0     5   374 72.60
cR074930.fit   0     4   374 72.71
cR075000.fit   0     5   373 74.44
cR075030.fit   0     4   372 74.79
cR075100.fit   0     5   372 76.32
cR075130.fit   0     4   372 77.81
cR075200.fit   0     4   372 80.23
cR075230.fit   0     5   372 82.20
cR075300.fit   0     4   371 83.67
cR075330.fit   0     4   370 84.10
cR075400.fit   0     6   366 84.41
cR075430.fit   0     4   369 84.51
cR075500.fit   0     5   369 84.67
cR075530.fit   0     4   369 86.16
cR075600.fit   0     4   368 87.96
cR075630.fit   0     5   367 89.15
cR075700.fit   0     4   367 89.26
cR075730.fit   0     5   366 88.28
cR075800.fit   0     4   366 87.48
cR075830.fit   0     4   367 87.50
cR075900.fit   0     6   368 88.13
cR075930.fit   0     4   368 88.86
cR080000.fit   0     4   369 88.81
cR080030.fit   0     5   369 88.03
cR080100.fit   0     4   370 88.04
cR080130.fit   0     5   371 86.96
cR080200.fit   0     4   371 85.52
cR080230.fit   0     4   371 84.69
cR080300.fit   0     5   371 84.22
cR080330.fit   0     4   371 82.26
cR080400.fit   0     6   371 81.50
cR080430.fit   0     4   371 81.34
cR080500.fit   0     5   370 82.34
cR080530.fit   0     4   369 81.94
cR080600.fit   0     5   369 82.67
cR080630.fit   0     5   369 85.16
cR080700.fit   0     5   369 86.71
cR080730.fit   0     4   369 86.94
cR080800.fit   0     4   368 87.35
cR080830.fit   0     4   366 86.81
cR080900.fit   0     5   365 86.38
cR080930.fit   0     4   364 85.99
cR081000.fit   0     5   363 86.18
cR081030.fit   0     4   363 87.34
cR081100.fit   0     5   362 88.05
cR081130.fit   0     5   361 86.73
cR081200.fit   0     5   361 87.02
cR081230.fit   0     4   360 87.93
cR081300.fit   0     5   360 87.31
cR081330.fit   0     4   360 87.86
cR081400.fit   0     5   360 86.94
cR081430.fit   0     5   359 86.82
cR081500.fit   0     4   359 86.75
cR081530.fit   0     5   359 87.43
cR081600.fit   0     4   359 85.29
cR081630.fit   0     5   359 83.52
cR081700.fit   0     4   358 79.91
cR081730.fit   0     5   357 76.47
cR081800.fit   0     4   357 73.23
cR081830.fit   0     4   357 69.71
cR081900.fit   0     5   357 66.82
cR081930.fit   0     5   357 62.99
cR082000.fit   0     5   357 63.52
cR082030.fit   0     4   357 64.07
cR082100.fit   0     5   358 63.53
cR082130.fit   0     4   359 62.63
cR082200.fit   0     5   360 62.38
cR082230.fit   0     4   360 62.02
cR082300.fit   0     5   361 62.24
cR082330.fit   0     4   360 61.16
cR082400.fit   0     4   360 61.62
cR082430.fit   0     4   359 63.39
cR082500.fit   0     5   359 63.33
cR082530.fit   0     4   358 64.34
cR082600.fit   0     4   358 65.26
cR082630.fit   0     5   357 66.22
cR082700.fit   0     4   356 68.85
cR082730.fit   0     4   355 72.06
cR082800.fit   0     5   354 72.66
cR082830.fit   0     4   352 70.18
cR082900.fit   0     4   351 69.46
cR082930.fit   0     5   351 69.09
cR083000.fit   0     4   350 69.84
cR083030.fit   0     5   350 70.33
cR083100.fit   0     4   349 68.97
cR083130.fit   0     5   348 66.30
cR083200.fit   0     5   347 63.61
cR083230.fit   0     4   347 60.85
cR083300.fit   0     4   346 57.05
cR083330.fit   0     5   345 54.86
cR083400.fit   0     4   344 53.80
cR083430.fit   0     4   344 52.54
cR083500.fit   0     5   343 52.17
cR083530.fit   0     4   343 50.56
cR083600.fit   0     4   342 49.01
cR083630.fit   1     5   342 47.10
cR083700.fit   0     4   341 44.73
cR083730.fit   0     5   341 42.42
cR083800.fit   0     4   340 40.29
cR083830.fit   0     4   340 38.10
cR083900.fit   0     5   339 36.52
cR083930.fit   0     4   339 34.29
cR084000.fit   0     5   338 32.24
cR084030.fit   0     4   338 30.04
cR084100.fit   0     4   337 28.58
cR084130.fit   0     5   336 27.72
cR084200.fit   0     4   336 27.28
cR084230.fit   0     5   336 28.41
cR084300.fit   0     4   336 30.39
cR084330.fit   0     4   336 32.43
cR084400.fit   0     5   336 33.54
cR084430.fit   0     4   336 32.20
cR084500.fit   0     5   336 30.55
cR084530.fit   0     4   336 27.64
cR084600.fit   0     4   336 23.86
cR084630.fit   0     5   336 21.26
cR084700.fit   0     4   336 19.26
cR084730.fit   0     5   336 17.20
cR084800.fit   0     4   336 15.38
cR084830.fit   0     4   336 13.87
cR084900.fit   0     5   336 13.03
cR084930.fit   0     4   337 12.86
cR085000.fit   0     5   337 12.97
cR085030.fit   0     4   337 13.05
cR085100.fit   0     4   336 13.78
cR085130.fit   0     5   336 14.53
cR085200.fit   0     4   335 14.91
cR085230.fit   0     4   335 15.30
cR085300.fit   0     4   335 15.21
cR085330.fit   0     5   334 15.02
cR085400.fit   0     4   334 14.54
cR085430.fit   0     5   334 13.93
cR085500.fit   0     4   333 13.56
cR085530.fit   0     5   333 12.88
cR085600.fit   0     4   333 12.09
cR085630.fit   0     5   332 11.33
cR085700.fit   0     4   332 10.49
cR085730.fit   0     4   332 10.00
cR085800.fit   0     5   332  9.22
cR085830.fit   0     5   332  8.22
cR085900.fit   0     5   332  7.03
cR085930.fit   0     4   544 144.45
cR090000.fit   0     5   548 135.74
cR090030.fit   0     4   550 125.71
cR090100.fit   0     4   551 117.12
cR090130.fit   0     5   553 108.31
cR090200.fit   0     4   554 99.76
cR090230.fit   0     4   554 91.33
cR090300.fit   0     5   555 82.46
cR090330.fit   0     5   555 73.85
cR090400.fit   0     4   555 64.52
cR090430.fit   0     4   554 55.68
cR090500.fit   0     5   553 46.91
cR090530.fit   0     4   553 38.49
cR090600.fit   0     4   554 30.30
cR090630.fit   0     5   554 22.36
cR090700.fit   0     4   554 15.20
cR090730.fit   0     5   553  9.60
cR090800.fit   0     4   553  8.94
cR090830.fit   0     4   553  8.89
cR090900.fit   0     5   553  8.34
cR090930.fit   0     4   553  7.77
cR091000.fit   0     5   552  7.81
cR091030.fit   0     4   552  7.50
cR091100.fit   0     4   553  6.88
cR091130.fit   0     5   552  7.16
cR091200.fit   0     4   552  6.82
cR091230.fit   0     4   552  6.51
cR091300.fit   0     5   551  6.71
cR091330.fit   0     4   552  6.35
cR091400.fit   0     5   552  5.75
cR091430.fit   0     5   552  6.12
cR091500.fit   0     4   552  5.87
cR091530.fit   0     5   552  5.22
cR091600.fit   0     4   552  5.81
cR091630.fit   0     6   552  5.67
cR091700.fit   0     4   553  4.69
cR091730.fit   0     4   552  5.54
cR091800.fit   0     5   553  5.31
cR091830.fit   0     4   552  4.43
cR091900.fit   0     5   552  5.44
cR091930.fit   0     5   552  5.12
cR092000.fit   0     4   553  5.40
cR092030.fit   0     4   553  5.40
cR092100.fit   0     5   552  5.20
cR092130.fit   0     5   552  5.39
cR092200.fit   0     4   552  5.38
cR092230.fit   0     5   552  5.05
cR092300.fit   0     5   552  5.29
cR092330.fit   0     4   552  5.24
cR092400.fit   0     4   552  4.87
cR092430.fit   0     5   553  5.17
cR092500.fit   0     5   552  4.96
cR092530.fit   0     4   552  4.72
cR092600.fit   0     5   552  5.05
cR092630.fit   0     4   552  5.03
cR092700.fit   0     5   552  4.69
cR092730.fit   0     5   552  5.07
cR092800.fit   0     5   552  4.90
cR092830.fit   0     4   553  4.48
cR092900.fit   0     5   552  5.04
cR092930.fit   0     4   553  4.80
cR093000.fit   0     5   553  4.29
cR093030.fit   0     4   553  4.83
cR093100.fit   0     5   553  4.72
cR093130.fit   0     4   553  4.19
cR093200.fit   0     4   552  4.92
cR093230.fit   0     5   551  4.95
cR093300.fit   0     5   551  4.42
cR093330.fit   0     4   550  5.24
cR093400.fit   0     4   550  4.93
cR093430.fit   0     5   550  4.32
cR093500.fit   0     5   549  5.07
cR093530.fit   0     4   548  5.20
cR093600.fit   0     5   549  4.09
cR093630.fit   0     5   549  5.21
cR093700.fit   0     4   548  4.89
cR093730.fit   0     5   548  4.49
cR093800.fit   0     4   547  5.20
cR093830.fit   0     5   547  4.96
cR093900.fit   0     5   546  5.15
cR093930.fit   0     4   546  5.20
cR094000.fit   0     5   546  4.82
cR094030.fit   0     4   546  5.05
cR094100.fit   0     5   548  4.89
cR094130.fit   0     5   547  4.40
cR094200.fit   0     4   547  4.76
cR094230.fit   0     5   547  4.85
cR094300.fit   0     5   547  4.33
cR094330.fit   0     4   547  4.85
cR094400.fit   0     4   547  4.89
cR094430.fit   0     5   547  4.29
cR094500.fit   0     5   548  4.74
cR094530.fit   0     4   549  4.61
cR094600.fit   0     5   550  4.29
cR094630.fit   0     5   550  4.80
cR094700.fit   0     4   550  4.67
cR094730.fit   0     4   551  4.29
cR094800.fit   0     5   551  4.85
cR094830.fit   0     5   552  4.60
cR094900.fit   0     6   553  4.06
cR094930.fit   0     4   552  4.71
cR095000.fit   0     5   553  4.58
cR095030.fit   0     4   554  4.09
cR095100.fit   0     5   554  4.72
cR095130.fit   0     4   555  4.56
cR095200.fit   0     4   555  3.69
cR095230.fit   0     5   555  4.65
cR095300.fit   0     4   555  4.57
cR095330.fit   0     5   555  3.58
cR095400.fit   0     4   555  4.72
cR095430.fit   0     5   555  4.62
cR095500.fit   0     4   554  4.38
cR095530.fit   0     4   555  4.77
cR095600.fit   0     5   554  4.45
cR095630.fit   0     4   553  4.75
cR095700.fit   0     5   553  4.85
cR095730.fit   0     4   552  4.50
cR095800.fit   0     4   553  4.86
cR095830.fit   0     5   553  4.90
cR095900.fit   0     5   552  4.38
cR095930.fit   0     5   553  4.79
cR100000.fit   0     5   553  4.68
cR100030.fit   0     4   553  4.30
cR100100.fit   1     5   552  4.77
cR100130.fit   0     4   552  4.68
cR100200.fit   0     5   552  4.32
cR100230.fit   0     4   552  4.90
cR100300.fit   0     5   553  4.57
cR100330.fit   0     4   553  4.26
cR100400.fit   0     5   554  4.76
cR100430.fit   0     5   554  4.67
cR100500.fit   0     5   554  4.11
cR100530.fit   0     4   554  4.66
cR100600.fit   0     4   553  4.57
cR100630.fit   0     6   553  4.01
cR100700.fit   0     4   553  4.72
cR100730.fit   0     4   553  4.63
cR100800.fit   0     5   553  3.84
cR100830.fit   0     4   552  4.73
cR100900.fit   0     5   551  4.66
cR100930.fit   0     4   550  4.11
cR101000.fit   0     5   547  5.35
cR101030.fit   0     4   546  5.12
cR101100.fit   0     6   548  4.37
cR101130.fit   0     5   546  5.28
cR101200.fit   0     4   545  5.37
cR101230.fit   0     5   545  4.61
cR101300.fit   0     4   545  5.44
cR101330.fit   0     5   545  5.13
cR101400.fit   0     5   545  5.07
cR101430.fit   0     4   544  5.13
cR101500.fit   0     5   544  4.87
cR101530.fit   0     4   543  5.07
cR101600.fit   0     5   542  5.04
cR101630.fit   0     4   542  4.69
cR101700.fit   0     4   543  4.90
cR101730.fit   0     5   543  4.85
cR101800.fit   0     4   543  4.52
cR101830.fit   0     5   545  5.00
cR101900.fit   0     5   545  4.63
cR101930.fit   0     4   545  4.35
cR102000.fit   0     5   544  4.68
cR102030.fit   0     4   546  4.64
cR102100.fit   0     5   546  4.18
cR102130.fit   0     5   546  4.66
cR102200.fit   0     6   546  4.45
cR102230.fit   0     5   549  4.18
cR102300.fit   0     4   549  4.73
cR102330.fit   0     5   548  4.70
cR102400.fit   0     5   548  3.92
cR102430.fit   0     5   548  4.60
cR102500.fit   0     4   547  4.53
cR102530.fit   0     5   547  4.00
cR102600.fit   0     4   548  4.80
cR102630.fit   0     6   549  4.55
cR102700.fit   0     4   549  3.71
cR102730.fit   0     4   549  4.68
cR102800.fit   0     5   549  4.76
cR102830.fit   0     4   550  3.66
cR102900.fit   0     5   550  4.91
cR102930.fit   0     4   551  4.67
cR103000.fit   0     5   552  3.57
cR103030.fit   0     5   552  4.62
cR103100.fit   0     5   552  4.27
cR103130.fit   0     4   551  4.67
cR103200.fit   0     5   551  4.57
cR103230.fit   0     4   551  4.28
cR103300.fit   0     5   551  4.67
cR103330.fit   0     4   550  4.69
cR103400.fit   0     4   550  4.37
cR103430.fit   0     5   549  4.79
cR103500.fit   0     4   550  4.72
cR103530.fit   0     4   552  4.27
cR103600.fit   0     5   552  4.69
cR103630.fit   0     4   551  4.56
cR103700.fit   0     6   551  4.26
cR103730.fit   0     4   551  4.74
cR103800.fit   0     4   550  4.57
cR103830.fit   0     5   550  4.19
cR103900.fit   0     4   551  4.74
cR103930.fit   0     4   552  4.56
cR104000.fit   0     5   555  4.18
cR104030.fit   0     4   556  4.79
cR104100.fit   0     5   555  4.62
cR104130.fit   0     4   556  4.13
cR104200.fit   0     5   558  4.95
cR104230.fit   0     5   560  5.01
cR104300.fit   0     4   560  4.59
cR104330.fit   0     5   561  5.14
cR104400.fit   0     5   561  4.88
cR104430.fit   0     4   560  4.00
cR104500.fit   0     5   559  4.74
cR104530.fit   0     4   559  4.43
cR104600.fit   0     4   558  3.21
cR104630.fit   0     5   557  4.59
cR104700.fit   0     4   556  4.50
cR104730.fit   0     4   556  3.85
cR104800.fit   0     5   555  4.97
cR104830.fit   0     5   557  4.47
cR104900.fit   0     5   558  4.24
cR104930.fit   0     4   559  4.62
cR105000.fit   0     5   560  4.25
cR105030.fit   0     5   559  4.64
cR105100.fit   0     5   561  4.59
cR105130.fit   0     4   564  4.52
cR105200.fit   0     5   564  4.96
cR105230.fit   0     4   564  4.99
cR105300.fit   0     4   564  4.46
cR105330.fit   0     5   563  4.69
cR105400.fit   0     4   561  4.58
cR105430.fit   0     5   560  4.36
cR105500.fit   0     4   559  4.81
cR105530.fit   0     5   558  4.82
cR105600.fit   0     4   558  4.47
cR105630.fit   0     5   558  4.89
cR105700.fit   0     4   558  4.77
cR105730.fit   0     4   557  4.38
cR105800.fit   0     5   557  4.93
cR105830.fit   0     4   555  4.89
cR105900.fit   0     4   555  4.46
cR105930.fit   0     4   556  4.97
cR110000.fit   0     6   560  4.45
cR110030.fit   0     4   560  3.82
cR110100.fit   0     5   561  4.72
cR110130.fit   0     4   563  4.66
cR110200.fit   0     4   566  4.86
cR110230.fit   0     5   567  6.00
cR110300.fit   0     4   568  5.95
cR110330.fit   0     5   570  5.77
cR110400.fit   0     4   571  6.82
cR110430.fit   0     4   572  6.53
cR110500.fit   0     5   572  5.58
cR110530.fit   0     5   572  5.90
cR110600.fit   0     5   570  5.22
cR110630.fit   0     4   570  5.15
cR110700.fit   0     5   569  4.79
cR110730.fit   0     4   568  4.50
cR110800.fit   0     4   568  4.89
cR110830.fit   0     5   566  4.93
cR110900.fit   0     4   566  4.61
cR110930.fit   0     5   566  5.09
cR111000.fit   0     4   567  4.96
cR111030.fit   0     4   567  4.43
cR111100.fit   0     5   568  4.76
cR111130.fit   0     5   568  4.70
cR111200.fit   0     5   567  4.32
cR111230.fit   0     4   567  4.72
cR111300.fit   0     4   567  4.65
cR111330.fit   0     5   566  4.27
cR111400.fit   0     5   567  4.70
cR111430.fit   0     4   567  4.71
cR111500.fit   0     5   568  4.37
cR111530.fit   0     4   569  4.87
cR111600.fit   0     4   570  4.84
cR111630.fit   0     5   573  4.88
cR111700.fit   0     4   574  5.74
cR111730.fit   0     4   575  5.57
cR111800.fit   0     5   575  5.19
cR111830.fit   0     4   575  5.64
cR111900.fit   0     5   577  6.04
cR111930.fit   0     4   578  5.86
cR112000.fit   0     6   576  5.72
cR112030.fit   0     4   576  4.98
cR112100.fit   0     5   574  3.78
cR112130.fit   0     5   574  4.63
cR112200.fit   0     5   573  4.51
cR112230.fit   0     4   571  3.98
cR112300.fit   0     5   569  5.55
cR112330.fit   0     4   568  5.61
cR112400.fit   0     5   566  5.85
cR112430.fit   0     4   566  6.52
cR112500.fit   0     5   565  6.25
cR112530.fit   0     4   564  6.59
cR112600.fit   0     5   564  6.33
cR112630.fit   0     5   563  5.98
cR112700.fit   0     4   562  6.02
cR112730.fit   0     5   561  5.88
cR112800.fit   0     4   561  5.24
cR112830.fit   0     5   563  5.15
cR112900.fit   0     4   563  4.80
cR112930.fit   0     4   565  4.39
cR113000.fit   1     5   567  5.00
cR113030.fit   0     4   568  5.20
cR113100.fit   0     5   569  4.66
cR113130.fit   0     4   568  5.02
cR113200.fit   0     5   568  4.89
cR113230.fit   0     5   568  4.31
cR113300.fit   0     4   567  4.70
cR113330.fit   0     4   565  4.64
cR113400.fit   0     5   565  4.09
cR113430.fit   0     4   565  4.78
cR113500.fit   0     5   566  4.63
cR113530.fit   0     4   565  3.88
cR113600.fit   0     5   565  4.63
cR113630.fit   0     4   565  4.65
cR113700.fit   0     5   564  3.80
cR113730.fit   0     4   564  4.62
cR113800.fit   0     5   564  4.48
cR113830.fit   0     4   564  3.46
cR113900.fit   0     5   564  4.64
cR113930.fit   0     4   563  4.49
cR114000.fit   0     5   562  3.55
cR114030.fit   0     4   562  4.75
cR114100.fit   0     5   561  4.63
cR114130.fit   0     5   560  4.55
cR114200.fit   0     4   560  4.98
cR114230.fit   0     5   560  4.62
cR114300.fit   0     4   560  4.85
cR114330.fit   0     4   560  4.79
cR114400.fit   0     5   559  4.57
cR114430.fit   0     4   560  4.82
cR114500.fit   0     5   559  4.65
cR114530.fit   0     4   559  4.31
cR114600.fit   0     5   559  4.65
cR114630.fit   0     5   559  4.76
cR114700.fit   0     5   559  4.16
cR114730.fit   0     5   560  4.68
cR114800.fit   0     4   559  4.58
cR114830.fit   0     4   559  4.07
cR114900.fit   0     6   559  4.57
cR114930.fit   0     4   559  4.55
cR115000.fit   0     5   559  4.13
cR115030.fit   0     4   558  4.63
cR115100.fit   0     5   558  4.51
cR115130.fit   0     5   559  4.00
cR115200.fit   0     4   559  4.70
cR115230.fit   0     4   559  4.48
cR115300.fit   0     5   560  4.03
cR115330.fit   0     4   561  4.71
cR115400.fit   0     5   561  4.57
cR115430.fit   0     4   562  3.78
cR115500.fit   0     4   562  4.68
cR115530.fit   0     5   563  4.70
cR115600.fit   0     4   564  3.72
cR115630.fit   0     4   565  4.95
cR115700.fit   0     5   566  5.00
cR115730.fit   0     4   568  4.40
cR115800.fit   0     5   569  5.48
cR115830.fit   0     4   569  5.28
cR115900.fit   0     5   568  4.76
cR115930.fit   0     4   570  5.29
cR120000.fit   0     5   571  5.03
cR120030.fit   0     5   571  5.28
cR120100.fit   0     4   571  5.02
cR120130.fit   0     4   571  4.74
cR120200.fit   0     5   570  4.93
cR120230.fit   0     4   570  5.20
cR120300.fit   0     5   570  4.40
cR120330.fit   0     4   571  4.80
cR120400.fit   0     5   571  4.64
cR120430.fit   0     4   571  4.39
cR120500.fit   0     5   571  4.76
cR120530.fit   0     4   571  4.55
cR120600.fit   0     5   570  4.12
cR120630.fit   0     4   570  4.60
cR120700.fit   0     5   570  4.54
cR120730.fit   0     4   569  4.15
cR120800.fit   0     5   570  4.72
cR120830.fit   0     4   570  4.55
cR120900.fit   0     5   571  3.99
cR120930.fit   0     5   571  4.63
cR121000.fit   0     4   570  4.69
cR121030.fit   0     4   570  3.94
cR121100.fit   0     5   571  4.71
cR121130.fit   0     5   571  4.42
cR121200.fit   0     4   571  3.72
cR121230.fit   0     4   571  4.73
cR121300.fit   0     5   570  4.29
cR121330.fit   0     4   571  3.58
cR121400.fit   0     5   570  4.63
cR121430.fit   0     4   571  4.38
cR121500.fit   0     5   571  3.29
cR121530.fit   0     4   571  4.63
cR121600.fit   0     5   571  4.30
cR121630.fit   0     4   570  4.59
cR121700.fit   0     5   570  4.70
cR121730.fit   0     4   570  4.37
cR121800.fit   0     4   570  4.77
cR121830.fit   0     5   569  4.64
cR121900.fit   0     5   570  4.27
cR121930.fit   0     4   570  4.76
cR122000.fit   0     5   568  4.68
cR122030.fit   0     4   570  4.35
cR122100.fit   0     4   570  4.77
cR122130.fit   0     5   570  4.78
cR122200.fit   0     4   570  4.32
cR122230.fit   0     4   571  4.68
cR122300.fit   0     5   570  4.60
cR122330.fit   0     4   571  4.15
cR122400.fit   0     4   572  4.71
cR122430.fit   0     5   573  4.65
cR122500.fit   0     4   574  4.23
cR122530.fit   0     5   574  4.81
cR122600.fit   0     5   573  4.59
cR122630.fit   0     4   572  3.97
cR122700.fit   0     5   572  4.56
cR122730.fit   0     4   572  4.63
cR122800.fit   0     4   573  4.25
cR122830.fit   0     5   574  5.56
cR122900.fit   0     4   575  5.83
cR122930.fit   0     4   576  5.61
cR123000.fit   0     5   576  6.20
cR123030.fit   0     4   576  5.51
cR123100.fit   0     5   578  5.12
cR123130.fit   0     4   579  5.80
cR123200.fit   0     4   579  5.36
cR123230.fit   0     5   580  4.55
cR123300.fit   0     4   581  5.64
cR123330.fit   0     4   582  5.46
cR123400.fit   0     5   581  4.86
cR123430.fit   0     5   582  5.69
cR123500.fit   0     5   583  5.99
cR123530.fit   0     4   584  6.90
cR123600.fit   0     6   584  7.55
cR123630.fit   0     4   585  7.61
cR123700.fit   0     6   585  8.43
cR123730.fit   0     5   586  8.75
cR123800.fit   0     5   585  8.89
cR123830.fit   0     4   585  9.11
cR123900.fit   0     5   585  9.38
cR123930.fit   0     5   585  9.24
cR124000.fit   0     5   585  9.33
cR124030.fit   0     5   585  9.08
cR124100.fit   0     5   585  9.12
cR124130.fit   0     4   584  9.26
cR124200.fit   0     5   584  8.77
cR124230.fit   0     5   583  8.43
cR124300.fit   0     4   583  8.39
cR124330.fit   0     5   582  8.21
cR124400.fit   0     5   582  7.76
cR124430.fit   0     5   582  8.09
cR124500.fit   0     4   581  8.02
cR124530.fit   0     5   580  7.44
cR124600.fit   0     5   580  7.70
cR124630.fit   0     5   580  7.69
cR124700.fit   0     5   580  6.88
cR124730.fit   0     5   579  7.14
cR124800.fit   0     4   579  7.12
cR124830.fit   0     5   578  6.83
cR124900.fit   0     5   578  7.30
cR124930.fit   0     4   578  7.00
cR125000.fit   0     6   578  6.36
cR125030.fit   0     5   577  7.01
cR125100.fit   0     6   577  6.77
cR125130.fit   0     4   576  6.52
cR125200.fit   0     5   577  6.75
cR125230.fit   0     4   576  6.12
cR125300.fit   0     5   576  6.23
cR125330.fit   0     5   576  6.15
cR125400.fit   0     5   576  5.79
cR125430.fit   0     5   576  5.99
cR125500.fit   0     6   576  5.82
cR125530.fit   0     5   577  5.87
cR125600.fit   0     5   577  6.25
cR125630.fit   0     5   577  6.37
cR125700.fit   0     4   577  6.18
cR125730.fit   0     5   577  6.72
cR125800.fit   0     5   577  6.40
cR125830.fit   0     5   576  5.84
cR125900.fit   0     6   577  5.99
cR125930.fit   0     4   577  6.07
cR130000.fit   0     5   577  5.79
cR130030.fit   0     5   577  6.40
cR130100.fit   0     5   577  6.16
cR130130.fit   0     4   577  6.08
cR130200.fit   0     5   577  6.75
cR130230.fit   0     6   577  6.39
cR130300.fit   0     6   577  6.29
cR130330.fit   0     4   577  6.59
cR130400.fit   0     5   577  6.73
cR130430.fit   0     5   577  6.24
cR130500.fit   0     6   577  6.74
cR130530.fit   0     4   577  6.56
cR130600.fit   0     5   578  6.05
cR130630.fit   0     5   578  6.25
cR130700.fit   0     5   577  6.04
cR130730.fit   0     4   577  5.12
cR130800.fit   0     6   578  6.06
cR130830.fit   0     5   578  5.77
cR130900.fit   0     4   578  5.30
cR130930.fit   0     5   578  5.90
cR131000.fit   0     6   578  5.36
cR131030.fit   0     5   578  5.61
cR131100.fit   0     5   579  5.58
cR131130.fit   0     5   579  5.29
cR131200.fit   0     7   579  5.45
cR131230.fit   0     4   579  5.42
cR131300.fit   0     6   579  4.98
cR131330.fit   0     6   579  5.32
cR131400.fit   0     6   579  5.38
cR131430.fit   0     6   580  5.04
cR131500.fit   0     5   580  5.37
cR131530.fit   0     5   580  5.23
cR131600.fit   0     6   580  4.87
cR131630.fit   0     5   580  5.25
cR131700.fit   0     5   580  5.10
cR131730.fit   0     4   580  4.87
cR131800.fit   0     6   580  5.33
cR131830.fit   0     5   580  5.20
cR131900.fit   0     6   580  4.91
cR131930.fit   0     4   581  5.47
cR132000.fit   0     5   581  5.20
cR132030.fit   0     5   581  4.72
cR132100.fit   0     5   581  5.15
cR132130.fit   0     4   581  5.18
cR132200.fit   0     4   581  4.72
cR132230.fit   0     5   582  5.61
cR132300.fit   0     6   582  5.19
cR132330.fit   0     4   582  4.60
cR132400.fit   0     5   582  5.38
cR132430.fit   0     5   582  5.24
cR132500.fit   0     6   582  3.93
cR132530.fit   0     5   583  4.94
cR132600.fit   0     5   583  4.76
cR132630.fit   0     4   582  4.71
cR132700.fit   0     6   583  5.64
cR132730.fit   0     5   584  5.81
cR132800.fit   0     6   583  5.31
cR132830.fit   0     5   584  5.99
cR132900.fit   0     5   584  5.48
cR132930.fit   0     5   584  6.01
cR133000.fit   0     5   585  5.63
cR133030.fit   0     4   585  5.51
cR133100.fit   0     5   584  5.66
cR133130.fit   0     5   584  6.59
cR133200.fit   0     4   585  6.86
cR133230.fit   0     5   585  5.57
cR133300.fit   0     5   585  5.19
cR133330.fit   0     5   585  5.42
cR133400.fit   0     5   585  5.07
cR133430.fit   0     4   585  4.95
cR133500.fit   0     6   586  5.09
cR133530.fit   0     5   586  4.99
cR133600.fit   0     5   586  5.38
cR133630.fit   0     5   586  6.20
cR133700.fit   0     6   586  6.77
cR133730.fit   0     4   587  6.92
cR133800.fit   0     5   586  7.31
cR133830.fit   0     6   586  6.99
cR133900.fit   0     5   587  6.49
cR133930.fit   0     5   587  6.16
cR134000.fit   0     6   587  6.26
cR134030.fit   0     4   587  5.49
cR134100.fit   0    12   587  5.76
cR134130.fit   1    10   587  4.73
cR134200.fit   0     5   588  4.18
cR134230.fit   0     4   588  4.96
cR134300.fit   0     6   588  4.59
cR134330.fit   0     5   588  4.12
cR134400.fit   0     4   589  4.83
cR134430.fit   0     5   588  4.75
cR134500.fit   0     5   588  4.08
cR134530.fit   0     5   588  4.94
cR134600.fit   0     5   589  5.16
cR134630.fit   0     5   589  4.33
cR134700.fit   0     6   589  4.94
cR134730.fit   0     5   589  4.93
cR134800.fit   0     5   589  3.93
cR134830.fit   0     5   589  4.77
cR134900.fit   0     4   589  4.62
cR134930.fit   0     5   589  4.67
cR135000.fit   0     4   589  5.41
cR135030.fit   0     4   589  4.90
cR135100.fit   0     5   589  5.07
cR135130.fit   0     4   589  4.86
cR135200.fit   0     5   590  4.78
cR135230.fit   0     4   590  5.13
cR135300.fit   0     5   590  4.88
cR135330.fit   0     5   590  4.96
cR135400.fit   0     5   590  4.96
cR135430.fit   0     5   590  4.74
cR135500.fit   0     4   591  4.66
cR135530.fit   0     4   590  5.40
cR135600.fit   0     5   591  5.44
cR135630.fit   0     6   591  5.45
cR135700.fit   0     5   590  6.27
cR135730.fit   0     5   590  6.12
cR135800.fit   0     4   591  5.36
cR135830.fit   0     4   591  5.31
cR135900.fit   0     5   591  5.89
cR135930.fit   0     4   591  5.82
cR140000.fit   0     5   591  7.07
