20160317T085913	Image	/home/matt/College/AUEG/CloudCamera-master/Cloud_Graph/analyzed/20160220T174419_7_analyzed.png,205.0,202.876064017,17.6528515029
20160317T085915	Image	/home/matt/College/AUEG/CloudCamera-master/Cloud_Graph/analyzed/20160220T210523_25_analyzed.png,16.0,21.7888734817,22.7624127279
20160317T085916	Image	/home/matt/College/AUEG/CloudCamera-master/Cloud_Graph/analyzed/20160220T215320_20_analyzed.png,11.0,16.5306163247,18.7402226809
20160317T085917	Image	/home/matt/College/AUEG/CloudCamera-master/Cloud_Graph/analyzed/20160220T213209_10_analyzed.png,4.0,6.23275002578,9.86185866318
20160317T085918	Image	/home/matt/College/AUEG/CloudCamera-master/Cloud_Graph/analyzed/20160220T215442_35_analyzed.png,22.0,29.3708796981,23.7136826758
20160317T085919	Image	/home/matt/College/AUEG/CloudCamera-master/Cloud_Graph/analyzed/20160220T210550_30_analyzed.png,19.0,25.9141795558,24.0352763412
20160317T085920	Image	/home/matt/College/AUEG/CloudCamera-master/Cloud_Graph/analyzed/20160220T211126_10_analyzed.png,4.0,6.10665067378,10.0445924992
20160317T085921	Image	/home/matt/College/AUEG/CloudCamera-master/Cloud_Graph/analyzed/20160220T175141_2.6_analyzed.png,193.0,190.135203585,14.752074976
20160317T085922	Image	/home/matt/College/AUEG/CloudCamera-master/Cloud_Graph/analyzed/20160220T213327_30_analyzed.png,18.0,24.1193800463,20.9282621596
20160317T085924	Image	/home/matt/College/AUEG/CloudCamera-master/Cloud_Graph/analyzed/20160221T205532_55_analyzed.png,44.0,51.6374019703,28.1994814032
20160317T085925	Image	/home/matt/College/AUEG/CloudCamera-master/Cloud_Graph/analyzed/20151224T21452630s_36c_analyzed.png,42.0,53.7559810988,30.2739020382
20160317T085926	Image	/home/matt/College/AUEG/CloudCamera-master/Cloud_Graph/analyzed/20160220T175255_4.0_analyzed.png,191.0,188.410099204,14.503792006
20160317T085927	Image	/home/matt/College/AUEG/CloudCamera-master/Cloud_Graph/analyzed/20160220T214648_25_analyzed.png,15.0,23.7685907794,25.7394521866
20160317T085928	Image	/home/matt/College/AUEG/CloudCamera-master/Cloud_Graph/analyzed/20160220T215519_40_analyzed.png,25.0,33.3575849718,24.6130681327
20160317T085930	Image	/home/matt/College/AUEG/CloudCamera-master/Cloud_Graph/analyzed/20160220T175352_4.9_analyzed.png,190.0,187.196017312,14.3680153982
20160317T085931	Image	/home/matt/College/AUEG/CloudCamera-master/Cloud_Graph/analyzed/20160220T175638_3.1_analyzed.png,186.0,183.538770661,14.545021567
20160317T085932	Image	/home/matt/College/AUEG/CloudCamera-master/Cloud_Graph/analyzed/bias_20160220T205908_analyzed.png,1.0,1.64483560812,3.94909840869
20160317T085933	Image	/home/matt/College/AUEG/CloudCamera-master/Cloud_Graph/analyzed/20160220T211217_25_analyzed.png,14.0,18.9387444308,18.9331066073
20160317T085934	Image	/home/matt/College/AUEG/CloudCamera-master/Cloud_Graph/analyzed/20160220T175210_3.2_analyzed.png,192.0,189.447748708,14.6143289844
20160317T085936	Image	/home/matt/College/AUEG/CloudCamera-master/Cloud_Graph/analyzed/20160220T175406_5.1_analyzed.png,189.0,186.882959041,14.3422874859
20160317T085937	Image	/home/matt/College/AUEG/CloudCamera-master/Cloud_Graph/analyzed/bias_20160220T174334_analyzed.png,205.0,202.876064017,17.6528515029
20160317T085938	Image	/home/matt/College/AUEG/CloudCamera-master/Cloud_Graph/analyzed/20160220T213436_40_analyzed.png,25.0,32.5229534895,23.9475303167
20160317T085939	Image	/home/matt/College/AUEG/CloudCamera-master/Cloud_Graph/analyzed/20160221T204540_35_analyzed.png,29.0,36.3470826346,26.6574966869
20160317T085940	Image	/home/matt/College/AUEG/CloudCamera-master/Cloud_Graph/analyzed/20160221T205202_30_analyzed.png,22.0,28.9295841721,23.7636367553
20160317T085941	Image	/home/matt/College/AUEG/CloudCamera-master/Cloud_Graph/analyzed/20151224T214655_60s_70c_analyzed.png,83.0,85.0585217527,26.7651790503
20160317T085943	Image	/home/matt/College/AUEG/CloudCamera-master/Cloud_Graph/analyzed/20160220T213221_15_analyzed.png,8.0,10.9317717346,14.1377402723
20160317T085944	Image	/home/matt/College/AUEG/CloudCamera-master/Cloud_Graph/analyzed/20160220T213359_35_analyzed.png,21.0,28.3611018795,22.5132012545
20160317T085945	Image	/home/matt/College/AUEG/CloudCamera-master/Cloud_Graph/analyzed/20160220T175734_4.1_analyzed.png,184.0,182.408657807,14.2720636804
20160317T085946	Image	/home/matt/College/AUEG/CloudCamera-master/Cloud_Graph/analyzed/20160220T175649_3.3_analyzed.png,185.0,183.332680121,14.4867959644
20160317T085947	Image	/home/matt/College/AUEG/CloudCamera-master/Cloud_Graph/analyzed/20160221T204508_30_analyzed.png,23.0,30.7274065416,24.8427427645
20160317T085948	Image	/home/matt/College/AUEG/CloudCamera-master/Cloud_Graph/analyzed/20160220T211244_30_analyzed.png,17.0,22.8548938115,20.4820379441
20160317T085950	Image	/home/matt/College/AUEG/CloudCamera-master/Cloud_Graph/analyzed/20160220T175050_1.3_analyzed.png,194.0,191.555715994,15.3412234736
20160317T085951	Image	/home/matt/College/AUEG/CloudCamera-master/Cloud_Graph/analyzed/20160220T211017_60_analyzed.png,38.0,45.7057843074,26.2944583986
20160317T085952	Image	/home/matt/College/AUEG/CloudCamera-master/Cloud_Graph/analyzed/20160220T220758_30_analyzed.png,20.0,25.9973323962,21.6779125367
20160317T085953	Image	/home/matt/College/AUEG/CloudCamera-master/Cloud_Graph/analyzed/20160220T175313_4.3_analyzed.png,190.0,188.02802321,14.460060773
20160317T085954	Image	/home/matt/College/AUEG/CloudCamera-master/Cloud_Graph/analyzed/20160221T204441_25_analyzed.png,18.0,25.0515235901,22.6806845305
20160317T085955	Image	/home/matt/College/AUEG/CloudCamera-master/Cloud_Graph/analyzed/20160220T205912_1_analyzed.png,1.0,1.65208843457,3.98122404226
20160317T085957	Image	/home/matt/College/AUEG/CloudCamera-master/Cloud_Graph/analyzed/20160221T205830_25_analyzed.png,18.0,24.3137840629,22.4306087803
20160317T085958	Image	/home/matt/College/AUEG/CloudCamera-master/Cloud_Graph/analyzed/20160220T212308_55_analyzed.png,34.0,41.6485384205,26.0090048132
20160317T085959	Image	/home/matt/College/AUEG/CloudCamera-master/Cloud_Graph/analyzed/20160220T214448_60_analyzed.png,42.0,52.3951682628,32.1468647837
20160317T090000	Image	/home/matt/College/AUEG/CloudCamera-master/Cloud_Graph/analyzed/20160220T175854_5.3_analyzed.png,182.0,180.220410289,14.1084882949
20160317T090002	Image	/home/matt/College/AUEG/CloudCamera-master/Cloud_Graph/analyzed/20160220T175301_4.1_analyzed.png,191.0,188.743957145,14.544205395
20160317T090003	Image	/home/matt/College/AUEG/CloudCamera-master/Cloud_Graph/analyzed/20160220T175414_5.2_analyzed.png,189.0,186.748038133,14.3332828427
20160317T090004	Image	/home/matt/College/AUEG/CloudCamera-master/Cloud_Graph/analyzed/20160221T205037_5_analyzed.png,52.0,59.5998836186,28.9422189464
20160317T090005	Image	/home/matt/College/AUEG/CloudCamera-master/Cloud_Graph/analyzed/20160220T175200_3.0_analyzed.png,192.0,189.694891061,14.6623185504
20160317T090007	Image	/home/matt/College/AUEG/CloudCamera-master/Cloud_Graph/analyzed/20160220T175710_3.7_analyzed.png,185.0,182.910775973,14.362543786
20160317T090008	Image	/home/matt/College/AUEG/CloudCamera-master/Cloud_Graph/analyzed/bias_20160220T205902_analyzed.png,1.0,1.66827486888,3.9562960101
20160317T090009	Image	/home/matt/College/AUEG/CloudCamera-master/Cloud_Graph/analyzed/20160220T211911_25_analyzed.png,14.0,18.8250497549,18.8745303007
20160317T090010	Image	/home/matt/College/AUEG/CloudCamera-master/Cloud_Graph/analyzed/20160220T214906_45_analyzed.png,29.0,39.3896255041,31.1628188219
20160317T090011	Image	/home/matt/College/AUEG/CloudCamera-master/Cloud_Graph/analyzed/20160220T212047_40_analyzed.png,24.0,30.5129579334,23.0949870292
20160317T090012	Image	/home/matt/College/AUEG/CloudCamera-master/Cloud_Graph/analyzed/20160221T204343_5_analyzed.png,55.0,61.0920966347,28.5670148946
20160317T090013	Image	/home/matt/College/AUEG/CloudCamera-master/Cloud_Graph/analyzed/20151224T21422415s_18c_analyzed.png,21.0,29.9289436925,22.9795434378
20160317T090015	Image	/home/matt/College/AUEG/CloudCamera-master/Cloud_Graph/analyzed/20160220T175128_2.3_analyzed.png,193.0,190.488878193,14.8504815064
20160317T090016	Image	/home/matt/College/AUEG/CloudCamera-master/Cloud_Graph/analyzed/20160220T175307_4.2_analyzed.png,191.0,188.175649297,14.4712989318
20160317T090017	Image	/home/matt/College/AUEG/CloudCamera-master/Cloud_Graph/analyzed/20160101T220024_analyzed.png,64.0,72.1846707642,30.9331548439
20160317T090019	Image	/home/matt/College/AUEG/CloudCamera-master/Cloud_Graph/analyzed/20160220T175150_2.8_analyzed.png,193.0,189.931878693,14.7102273964
20160317T090020	Image	/home/matt/College/AUEG/CloudCamera-master/Cloud_Graph/analyzed/20160221T204935_60_analyzed.png,48.0,56.1163762862,28.9722169745
20160317T090021	Image	/home/matt/College/AUEG/CloudCamera-master/Cloud_Graph/analyzed/20160220T175839_5.1_analyzed.png,182.0,180.683156151,14.123011193
20160317T090022	Image	/home/matt/College/AUEG/CloudCamera-master/Cloud_Graph/analyzed/20160220T210444_15_analyzed.png,5.0,7.2178814769,12.108661551
20160317T090023	Image	/home/matt/College/AUEG/CloudCamera-master/Cloud_Graph/analyzed/20160220T215303_15_analyzed.png,8.0,11.7863306632,15.5859951019
20160317T090024	Image	/home/matt/College/AUEG/CloudCamera-master/Cloud_Graph/analyzed/20160220T175812_4.7_analyzed.png,183.0,181.463756878,14.1574656876
20160317T090026	Image	/home/matt/College/AUEG/CloudCamera-master/Cloud_Graph/analyzed/20160220T214609_15_analyzed.png,8.0,13.2934797141,17.7524481303
20160317T090027	Image	/home/matt/College/AUEG/CloudCamera-master/Cloud_Graph/analyzed/bias_20160221T202615_analyzed.png,51.0,57.0619800878,30.4000756706
20160317T090028	Image	/home/matt/College/AUEG/CloudCamera-master/Cloud_Graph/analyzed/bias_20160221T202627_analyzed.png,51.0,57.0619800878,30.4000756706
20160317T090029	Image	/home/matt/College/AUEG/CloudCamera-master/Cloud_Graph/analyzed/20160220T174543_8_analyzed.png,200.0,196.856955315,15.3596361103
20160317T090031	Image	/home/matt/College/AUEG/CloudCamera-master/Cloud_Graph/analyzed/20160220T175527_1.4_analyzed.png,187.0,184.513201137,15.325439617
20160317T090032	Image	/home/matt/College/AUEG/CloudCamera-master/Cloud_Graph/analyzed/20160220T175326_4.5_analyzed.png,190.0,187.745150245,14.4358131176
20160317T090033	Image	/home/matt/College/AUEG/CloudCamera-master/Cloud_Graph/analyzed/bias_20160221T202609_analyzed.png,51.0,57.0619800878,30.4000756706
20160317T090034	Image	/home/matt/College/AUEG/CloudCamera-master/Cloud_Graph/analyzed/20160220T220342_50_analyzed.png,33.0,42.1747286875,28.0905353855
20160317T090036	Image	/home/matt/College/AUEG/CloudCamera-master/Cloud_Graph/analyzed/20160220T213100_60_analyzed.png,37.0,46.6348260455,27.5234414908
20160317T090037	Image	/home/matt/College/AUEG/CloudCamera-master/Cloud_Graph/analyzed/20160220T175137_2.5_analyzed.png,193.0,190.246993375,14.8330891958
20160317T090038	Image	/home/matt/College/AUEG/CloudCamera-master/Cloud_Graph/analyzed/20160220T220652_15_analyzed.png,8.0,11.7704103526,14.5688957981
20160317T090039	Image	/home/matt/College/AUEG/CloudCamera-master/Cloud_Graph/analyzed/bias_20160220T174324_analyzed.png,205.0,202.876064017,17.6528515029
20160317T090040	Image	/home/matt/College/AUEG/CloudCamera-master/Cloud_Graph/analyzed/20160221T203724_20_analyzed.png,15.0,22.9037829042,26.0396205191
20160317T090041	Image	/home/matt/College/AUEG/CloudCamera-master/Cloud_Graph/analyzed/20160220T220015_20_analyzed.png,11.0,16.7700958427,18.4126441175
20160317T090043	Image	/home/matt/College/AUEG/CloudCamera-master/Cloud_Graph/analyzed/20160220T175633_3.0_analyzed.png,186.0,183.605665761,14.5764454281
20160317T090044	Image	/home/matt/College/AUEG/CloudCamera-master/Cloud_Graph/analyzed/20160220T214953_50_analyzed.png,32.0,42.6023678645,31.0728735763
20160317T090045	Image	/home/matt/College/AUEG/CloudCamera-master/Cloud_Graph/analyzed/20160220T211119_5_analyzed.png,41.0,48.5451780037,26.3794080707
20160317T090046	Image	/home/matt/College/AUEG/CloudCamera-master/Cloud_Graph/analyzed/20160221T204402_15_analyzed.png,10.0,13.9758846067,17.5263846413
20160317T090047	Image	/home/matt/College/AUEG/CloudCamera-master/Cloud_Graph/analyzed/20160221T205857_30_analyzed.png,22.0,29.3046339907,23.9327038435
20160317T090048	Image	/home/matt/College/AUEG/CloudCamera-master/Cloud_Graph/analyzed/20160221T204144_55_analyzed.png,44.0,52.4532494471,28.9979206342
20160317T090050	Image	/home/matt/College/AUEG/CloudCamera-master/Cloud_Graph/analyzed/20160220T221128_55_analyzed.png,41.0,48.4571903701,29.0445629987
20160317T090051	Image	/home/matt/College/AUEG/CloudCamera-master/Cloud_Graph/analyzed/20160220T175832_5.0_analyzed.png,183.0,180.902015537,14.1257780024
20160317T090052	Image	/home/matt/College/AUEG/CloudCamera-master/Cloud_Graph/analyzed/20160221T204051_50_analyzed.png,40.0,49.0499663207,28.8823904012
20160317T090053	Image	/home/matt/College/AUEG/CloudCamera-master/Cloud_Graph/analyzed/20160220T214824_40_analyzed.png,25.0,35.7583392861,30.6804571365
20160317T090054	Image	/home/matt/College/AUEG/CloudCamera-master/Cloud_Graph/analyzed/20160220T213003_55_analyzed.png,34.0,42.8323280478,26.6540918338
20160317T090056	Image	/home/matt/College/AUEG/CloudCamera-master/Cloud_Graph/analyzed/20160220T211435_45_analyzed.png,27.0,33.9692684399,23.7037326129
20160317T090057	Image	/home/matt/College/AUEG/CloudCamera-master/Cloud_Graph/analyzed/20160220T215601_45_analyzed.png,29.0,37.3383451179,25.5131058538
20160317T090058	Image	/home/matt/College/AUEG/CloudCamera-master/Cloud_Graph/analyzed/20160220T175205_3.1_analyzed.png,192.0,189.583642432,14.6434078143
20160317T090059	Image	/home/matt/College/AUEG/CloudCamera-master/Cloud_Graph/analyzed/bias_20160220T174330_analyzed.png,205.0,202.876064017,17.6528515029
20160317T090101	Image	/home/matt/College/AUEG/CloudCamera-master/Cloud_Graph/analyzed/20160220T175119_2.1_analyzed.png,193.0,190.684838206,15.032912076
20160317T090102	Image	/home/matt/College/AUEG/CloudCamera-master/Cloud_Graph/analyzed/20160220T175216_3.3_analyzed.png,192.0,189.33424121,14.6000334978
20160317T090103	Image	/home/matt/College/AUEG/CloudCamera-master/Cloud_Graph/analyzed/20160220T211938_30_analyzed.png,17.0,22.7967298615,20.5051307448
20160317T090104	Image	/home/matt/College/AUEG/CloudCamera-master/Cloud_Graph/analyzed/20160220T213300_25_analyzed.png,14.0,19.8413877143,19.1401826074
20160317T090106	Image	/home/matt/College/AUEG/CloudCamera-master/Cloud_Graph/analyzed/20160220T175916_5.6_analyzed.png,181.0,179.489589978,14.1069550081
20160317T090107	Image	/home/matt/College/AUEG/CloudCamera-master/Cloud_Graph/analyzed/bias_20160220T174340_analyzed.png,205.0,202.876064017,17.6528515029
20160317T090108	Image	/home/matt/College/AUEG/CloudCamera-master/Cloud_Graph/analyzed/20160221T205135_25_analyzed.png,18.0,24.0450818681,22.2697720024
20160317T090109	Image	/home/matt/College/AUEG/CloudCamera-master/Cloud_Graph/analyzed/bias_20160220T205848_analyzed.png,15.0,23.2838572405,26.2680008965
20160317T090110	Image	/home/matt/College/AUEG/CloudCamera-master/Cloud_Graph/analyzed/20160220T215648_50_analyzed.png,32.0,41.340778431,26.6329186533
20160317T090112	Image	/home/matt/College/AUEG/CloudCamera-master/Cloud_Graph/analyzed/20160220T174349_2_analyzed.png,205.0,202.876064017,17.6528515029
20160317T090113	Image	/home/matt/College/AUEG/CloudCamera-master/Cloud_Graph/analyzed/20160220T212742_40_analyzed.png,24.0,31.2289542611,23.4452357407
20160317T090114	Image	/home/matt/College/AUEG/CloudCamera-master/Cloud_Graph/analyzed/20160220T211522_50_analyzed.png,30.0,37.5054237033,24.5128559794
20160317T090115	Image	/home/matt/College/AUEG/CloudCamera-master/Cloud_Graph/analyzed/20160220T213932_20_analyzed.png,12.0,16.4916196494,17.382275474
20160317T090116	Image	/home/matt/College/AUEG/CloudCamera-master/Cloud_Graph/analyzed/bias_20160221T202619_analyzed.png,51.0,57.0619800878,30.4000756706
20160317T090117	Image	/home/matt/College/AUEG/CloudCamera-master/Cloud_Graph/analyzed/20160221T205056_15_analyzed.png,9.0,13.634896078,17.5766486928
20160317T090119	Image	/home/matt/College/AUEG/CloudCamera-master/Cloud_Graph/analyzed/20160220T175901_5.4_analyzed.png,182.0,179.995176667,14.1077551376
20160317T090120	Image	/home/matt/College/AUEG/CloudCamera-master/Cloud_Graph/analyzed/20160220T175541_1.8_analyzed.png,187.0,184.443331563,15.0380817243
20160317T090121	Image	/home/matt/College/AUEG/CloudCamera-master/Cloud_Graph/analyzed/20160220T212010_35_analyzed.png,20.0,26.6979635805,21.8885878495
20160317T090123	Image	/home/matt/College/AUEG/CloudCamera-master/Cloud_Graph/analyzed/20160220T175605_2.4_analyzed.png,186.0,184.080270046,14.7846374664
20160317T090124	Image	/home/matt/College/AUEG/CloudCamera-master/Cloud_Graph/analyzed/20160220T213657_55_analyzed.png,36.0,45.0490100579,27.7076137565
20160317T090125	Image	/home/matt/College/AUEG/CloudCamera-master/Cloud_Graph/analyzed/20160220T175421_5.3_analyzed.png,189.0,186.584526115,14.3269719228
20160317T090126	Image	/home/matt/College/AUEG/CloudCamera-master/Cloud_Graph/analyzed/20160221T204419_20_analyzed.png,14.0,19.624920895,20.518271208
20160317T090127	Image	/home/matt/College/AUEG/CloudCamera-master/Cloud_Graph/analyzed/bias_20160221T202605_analyzed.png,51.0,57.0619800878,30.4000756706
20160317T090129	Image	/home/matt/College/AUEG/CloudCamera-master/Cloud_Graph/analyzed/20160220T174604_10_analyzed.png,199.0,196.447044562,15.2984814916
20160317T090130	Image	/home/matt/College/AUEG/CloudCamera-master/Cloud_Graph/analyzed/20160220T220136_35_analyzed.png,22.0,30.2783883344,25.634153076
20160317T090131	Image	/home/matt/College/AUEG/CloudCamera-master/Cloud_Graph/analyzed/20160220T174404_5_analyzed.png,205.0,202.876064017,17.6528515029
20160317T090132	Image	/home/matt/College/AUEG/CloudCamera-master/Cloud_Graph/analyzed/bias_20160220T174328_analyzed.png,205.0,202.876064017,17.6528515029
20160317T090134	Image	/home/matt/College/AUEG/CloudCamera-master/Cloud_Graph/analyzed/20160220T175112_1.9_analyzed.png,194.0,190.914897708,15.01502088
20160317T090135	Image	/home/matt/College/AUEG/CloudCamera-master/Cloud_Graph/analyzed/20160220T175108_1.8_analyzed.png,194.0,190.988221797,15.0779975226
20160317T090136	Image	/home/matt/College/AUEG/CloudCamera-master/Cloud_Graph/analyzed/20160220T212405_60_analyzed.png,37.0,45.275259789,26.8113318312
20160317T090138	Image	/home/matt/College/AUEG/CloudCamera-master/Cloud_Graph/analyzed/20160220T215244_5_analyzed.png,42.0,51.7911157969,30.0845198324
20160317T090139	Image	/home/matt/College/AUEG/CloudCamera-master/Cloud_Graph/analyzed/20160220T210016_10_analyzed.png,48.0,54.7904791373,32.8572201228
20160317T090140	Image	/home/matt/College/AUEG/CloudCamera-master/Cloud_Graph/analyzed/20160220T174526_6_analyzed.png,200.0,197.220359356,15.3974039872
20160317T090141	Image	/home/matt/College/AUEG/CloudCamera-master/Cloud_Graph/analyzed/20160220T210920_55_analyzed.png,35.0,42.8310712817,26.3007662742
20160317T090142	Image	/home/matt/College/AUEG/CloudCamera-master/Cloud_Graph/analyzed/20160220T220640_10_analyzed.png,5.0,6.66280850934,10.1025938859
20160317T090143	Image	/home/matt/College/AUEG/CloudCamera-master/Cloud_Graph/analyzed/20160221T205440_50_analyzed.png,39.0,47.2419764971,27.6347090079
20160317T090145	Image	/home/matt/College/AUEG/CloudCamera-master/Cloud_Graph/analyzed/20160220T175237_3.7_analyzed.png,191.0,188.825126154,14.5298246725
20160317T090146	Image	/home/matt/College/AUEG/CloudCamera-master/Cloud_Graph/analyzed/20160220T175759_4.5_analyzed.png,184.0,181.815448928,14.198520647
20160317T090147	Image	/home/matt/College/AUEG/CloudCamera-master/Cloud_Graph/analyzed/20160220T212216_50_analyzed.png,30.0,38.0016540417,25.1455070853
20160317T090148	Image	/home/matt/College/AUEG/CloudCamera-master/Cloud_Graph/analyzed/20160220T215740_55_analyzed.png,36.0,45.5373165306,28.1692933275
20160317T090149	Image	/home/matt/College/AUEG/CloudCamera-master/Cloud_Graph/analyzed/20160220T210622_35_analyzed.png,22.0,29.6984079689,24.8962967161
20160317T090151	Image	/home/matt/College/AUEG/CloudCamera-master/Cloud_Graph/analyzed/20160220T175557_2.2_analyzed.png,187.0,184.207729303,14.8644511951
20160317T090152	Image	/home/matt/College/AUEG/CloudCamera-master/Cloud_Graph/analyzed/20160220T175740_4.2_analyzed.png,184.0,182.245445019,14.2610280703
20160317T090153	Image	/home/matt/College/AUEG/CloudCamera-master/Cloud_Graph/analyzed/20160220T175610_2.5_analyzed.png,186.0,184.01442798,14.7447110953
20160317T090155	Image	/home/matt/College/AUEG/CloudCamera-master/Cloud_Graph/analyzed/20160220T175047_1.2_analyzed.png,195.0,191.692941609,15.4194579429
20160317T090156	Image	/home/matt/College/AUEG/CloudCamera-master/Cloud_Graph/analyzed/20160220T220731_25_analyzed.png,16.0,21.7922452311,19.7829187963
20160317T090157	Image	/home/matt/College/AUEG/CloudCamera-master/Cloud_Graph/analyzed/20160220T214351_55_analyzed.png,38.0,48.9750238429,31.8946083586
20160317T090158	Image	/home/matt/College/AUEG/CloudCamera-master/Cloud_Graph/analyzed/20160220T175931_5.8_analyzed.png,181.0,178.983057214,14.1003266283
20160317T090159	Image	/home/matt/College/AUEG/CloudCamera-master/Cloud_Graph/analyzed/20160221T205044_10_analyzed.png,5.0,7.88058048078,12.9957436313
20160317T090201	Image	/home/matt/College/AUEG/CloudCamera-master/Cloud_Graph/analyzed/bias_20160220T174338_analyzed.png,205.0,202.876064017,17.6528515029
20160317T090202	Image	/home/matt/College/AUEG/CloudCamera-master/Cloud_Graph/analyzed/20160220T175654_3.4_analyzed.png,185.0,183.240015585,14.4619643117
20160317T090203	Image	/home/matt/College/AUEG/CloudCamera-master/Cloud_Graph/analyzed/20160220T211138_15_analyzed.png,8.0,11.055814676,14.2752037341
20160317T090204	Image	/home/matt/College/AUEG/CloudCamera-master/Cloud_Graph/analyzed/bias_20160220T174322_analyzed.png,205.0,202.876064017,17.6528515029
20160317T090206	Image	/home/matt/College/AUEG/CloudCamera-master/Cloud_Graph/analyzed/20160220T213202_5_analyzed.png,41.0,50.3913266586,28.2800009608
20160317T090207	Image	/home/matt/College/AUEG/CloudCamera-master/Cloud_Graph/analyzed/20160221T203648_5_analyzed.png,15.0,21.347076268,23.8349462649
20160317T090208	Image	/home/matt/College/AUEG/CloudCamera-master/Cloud_Graph/analyzed/20160220T175939_5.9_analyzed.png,180.0,178.711130975,14.1009117311
20160317T090209	Image	/home/matt/College/AUEG/CloudCamera-master/Cloud_Graph/analyzed/20160220T175614_2.6_analyzed.png,186.0,183.937988079,14.7071280604
20160317T090211	Image	/home/matt/College/AUEG/CloudCamera-master/Cloud_Graph/analyzed/20160220T175041_1.0_analyzed.png,199.0,196.223001494,15.2718166031
20160317T090212	Image	/home/matt/College/AUEG/CloudCamera-master/Cloud_Graph/analyzed/20160220T211614_55_analyzed.png,33.0,40.9947768444,25.2432263129
20160317T090213	Image	/home/matt/College/AUEG/CloudCamera-master/Cloud_Graph/analyzed/20160220T175825_4.9_analyzed.png,183.0,181.097214105,14.1422278664
20160317T090215	Image	/home/matt/College/AUEG/CloudCamera-master/Cloud_Graph/analyzed/20160221T204746_50_analyzed.png,41.0,50.3761779795,29.6646414912
20160317T090216	Image	/home/matt/College/AUEG/CloudCamera-master/Cloud_Graph/analyzed/20160220T175537_1.7_analyzed.png,187.0,184.466511067,15.0946246656
20160317T090217	Image	/home/matt/College/AUEG/CloudCamera-master/Cloud_Graph/analyzed/20160220T214212_45_analyzed.png,30.0,40.6128294554,29.269317896
20160317T090218	Image	/home/matt/College/AUEG/CloudCamera-master/Cloud_Graph/analyzed/20160220T220531_60_analyzed.png,41.0,50.1891426614,29.0248872828
20160317T090219	Image	/home/matt/College/AUEG/CloudCamera-master/Cloud_Graph/analyzed/20160221T203746_25_analyzed.png,20.0,28.956027193,28.4119375044
20160317T090220	Image	/home/matt/College/AUEG/CloudCamera-master/Cloud_Graph/analyzed/20160220T210244_40_analyzed.png,28.0,36.1884996352,28.9694513365
20160317T090222	Image	/home/matt/College/AUEG/CloudCamera-master/Cloud_Graph/analyzed/20160220T220037_25_analyzed.png,15.0,21.5122525145,21.2545134685
20160317T090223	Image	/home/matt/College/AUEG/CloudCamera-master/Cloud_Graph/analyzed/20160220T175722_3.9_analyzed.png,185.0,182.676962726,14.3181165123
20160317T090224	Image	/home/matt/College/AUEG/CloudCamera-master/Cloud_Graph/analyzed/20160220T210009_5_analyzed.png,6.0,10.2419064645,16.069692459
20160317T090225	Image	/home/matt/College/AUEG/CloudCamera-master/Cloud_Graph/analyzed/20160220T175435_5.5_analyzed.png,188.0,186.276712646,14.2913974723
20160317T090226	Image	/home/matt/College/AUEG/CloudCamera-master/Cloud_Graph/analyzed/20160220T175705_3.6_analyzed.png,185.0,183.014554039,14.3918595535
20160317T090227	Image	/home/matt/College/AUEG/CloudCamera-master/Cloud_Graph/analyzed/20160101T232226_480000_analyzed.png,2.0,2.20925346566,1.12690530106
20160317T090229	Image	/home/matt/College/AUEG/CloudCamera-master/Cloud_Graph/analyzed/20160220T175520_1.2_analyzed.png,187.0,184.50721017,15.5460579775
20160317T090230	Image	/home/matt/College/AUEG/CloudCamera-master/Cloud_Graph/analyzed/20160101T222659240000_analyzed.png,5.0,4.76309768014,2.15355505062
20160317T090231	Image	/home/matt/College/AUEG/CloudCamera-master/Cloud_Graph/analyzed/20160220T215251_10_analyzed.png,4.0,6.71704172285,10.7089457146
20160317T090232	Image	/home/matt/College/AUEG/CloudCamera-master/Cloud_Graph/analyzed/bias_20160221T202611_analyzed.png,51.0,57.0619800878,30.4000756706
20160317T090233	Image	/home/matt/College/AUEG/CloudCamera-master/Cloud_Graph/analyzed/20160220T174519_5_analyzed.png,200.0,197.375179697,15.4197787556
20160317T090235	Image	/home/matt/College/AUEG/CloudCamera-master/Cloud_Graph/analyzed/20160220T175523_1.3_analyzed.png,187.0,184.524832909,15.4219987415
20160317T090236	Image	/home/matt/College/AUEG/CloudCamera-master/Cloud_Graph/analyzed/20160220T210007_0_analyzed.png,6.0,10.2419064645,16.069692459
20160317T090237	Image	/home/matt/College/AUEG/CloudCamera-master/Cloud_Graph/analyzed/bias_20160220T205858_analyzed.png,1.0,1.63583069438,3.95280800961
20160317T090238	Image	/home/matt/College/AUEG/CloudCamera-master/Cloud_Graph/analyzed/20160220T211316_35_analyzed.png,21.0,26.6489331495,21.7403719866
20160317T090239	Image	/home/matt/College/AUEG/CloudCamera-master/Cloud_Graph/analyzed/bias_20160220T205850_analyzed.png,1.0,1.67555952831,3.95765379527
20160317T090240	Image	/home/matt/College/AUEG/CloudCamera-master/Cloud_Graph/analyzed/bias_20160221T202623_analyzed.png,51.0,57.0619800878,30.4000756706
20160317T090241	Image	/home/matt/College/AUEG/CloudCamera-master/Cloud_Graph/analyzed/20160220T220633_5_analyzed.png,45.0,54.1889796766,29.5740340143
20160317T090243	Image	/home/matt/College/AUEG/CloudCamera-master/Cloud_Graph/analyzed/20160220T174449_10_analyzed.png,201.0,198.703724077,15.6027917426
20160317T090244	Image	/home/matt/College/AUEG/CloudCamera-master/Cloud_Graph/analyzed/20160220T175752_4.4_analyzed.png,184.0,181.979416794,14.2093752561
20160317T090245	Image	/home/matt/College/AUEG/CloudCamera-master/Cloud_Graph/analyzed/20160221T203655_10_analyzed.png,6.0,9.54167255577,15.2374959134
20160317T090246	Image	/home/matt/College/AUEG/CloudCamera-master/Cloud_Graph/analyzed/20160220T175332_4.6_analyzed.png,190.0,187.614699961,14.3980436639
20160317T090247	Image	/home/matt/College/AUEG/CloudCamera-master/Cloud_Graph/analyzed/20160221T203813_30_analyzed.png,24.0,33.9246016739,29.6135572185
20160317T090249	Image	/home/matt/College/AUEG/CloudCamera-master/Cloud_Graph/analyzed/20160220T174411_6_analyzed.png,205.0,202.876064017,17.6528515029
20160317T090250	Image	/home/matt/College/AUEG/CloudCamera-master/Cloud_Graph/analyzed/20160221T204617_40_analyzed.png,34.0,41.6419439001,27.221565033
20160317T090251	Image	/home/matt/College/AUEG/CloudCamera-master/Cloud_Graph/analyzed/20160221T205739_10_analyzed.png,5.0,7.93519951003,12.9644615793
20160317T090252	Image	/home/matt/College/AUEG/CloudCamera-master/Cloud_Graph/analyzed/20160220T175451_5.7_analyzed.png,188.0,185.921490955,14.2706870577
20160317T090253	Image	/home/matt/College/AUEG/CloudCamera-master/Cloud_Graph/analyzed/20160220T215045_55_analyzed.png,34.0,44.5832438827,30.7797970379
20160317T090254	Image	/home/matt/College/AUEG/CloudCamera-master/Cloud_Graph/analyzed/20160220T213903_10_analyzed.png,5.0,6.57508572622,9.94497066538
20160317T090256	Image	/home/matt/College/AUEG/CloudCamera-master/Cloud_Graph/analyzed/20160221T202748_5_analyzed.png,51.0,57.0619800878,30.4000756706
20160317T090257	Image	/home/matt/College/AUEG/CloudCamera-master/Cloud_Graph/analyzed/20160220T175728_4.0_analyzed.png,184.0,182.539425147,14.2983996927
20160317T090258	Image	/home/matt/College/AUEG/CloudCamera-master/Cloud_Graph/analyzed/20160220T215342_25_analyzed.png,15.0,21.0053810472,20.9403520293
20160317T090259	Image	/home/matt/College/AUEG/CloudCamera-master/Cloud_Graph/analyzed/20160221T205353_45_analyzed.png,35.0,42.8164955962,26.9040778006
20160317T090300	Image	/home/matt/College/AUEG/CloudCamera-master/Cloud_Graph/analyzed/20160220T220255_45_analyzed.png,29.0,38.1959256331,27.6351665738
20160317T090301	Image	/home/matt/College/AUEG/CloudCamera-master/Cloud_Graph/analyzed/20160220T214053_35_analyzed.png,23.0,30.8979676551,24.4034111197
20160317T090303	Image	/home/matt/College/AUEG/CloudCamera-master/Cloud_Graph/analyzed/20160220T174513_4_analyzed.png,200.0,197.517875492,15.4392980478
20160317T090304	Image	/home/matt/College/AUEG/CloudCamera-master/Cloud_Graph/analyzed/20160220T175908_5.5_analyzed.png,181.0,179.759612605,14.1143674183
20160317T090305	Image	/home/matt/College/AUEG/CloudCamera-master/Cloud_Graph/analyzed/20160220T210207_35_analyzed.png,25.0,32.7203689061,28.8028695166
20160317T090306	Image	/home/matt/College/AUEG/CloudCamera-master/Cloud_Graph/analyzed/20160220T210107_25_analyzed.png,17.0,24.9120250997,26.9389362618
20160317T090308	Image	/home/matt/College/AUEG/CloudCamera-master/Cloud_Graph/analyzed/20160220T214715_30_analyzed.png,19.0,28.2938451567,28.2288735653
20160317T090309	Image	/home/matt/College/AUEG/CloudCamera-master/Cloud_Graph/analyzed/20160220T174438_9_analyzed.png,205.0,202.876064017,17.6528515029
20160317T090310	Image	/home/matt/College/AUEG/CloudCamera-master/Cloud_Graph/analyzed/20160220T175716_3.8_analyzed.png,185.0,182.775903452,14.3414585391
20160317T090312	Image	/home/matt/College/AUEG/CloudCamera-master/Cloud_Graph/analyzed/20160220T175428_5.4_analyzed.png,189.0,186.427757596,14.3082444372
20160317T090313	Image	/home/matt/College/AUEG/CloudCamera-master/Cloud_Graph/analyzed/20160221T203922_40_analyzed.png,33.0,42.5876979534,29.7596919947
20160317T090314	Image	/home/matt/College/AUEG/CloudCamera-master/Cloud_Graph/analyzed/20160220T213954_25_analyzed.png,15.0,21.3007707401,19.8388817583
20160317T090315	Image	/home/matt/College/AUEG/CloudCamera-master/Cloud_Graph/analyzed/20160220T215837_60_analyzed.png,39.0,49.47227029,29.5534493346
20160317T090317	Image	/home/matt/College/AUEG/CloudCamera-master/Cloud_Graph/analyzed/20151224T21440720s_24c_analyzed.png,28.0,38.6191043727,26.6842908646
20160317T090318	Image	/home/matt/College/AUEG/CloudCamera-master/Cloud_Graph/analyzed/20160221T205808_20_analyzed.png,14.0,19.1830090826,20.4882814796
20160317T090319	Image	/home/matt/College/AUEG/CloudCamera-master/Cloud_Graph/analyzed/20160220T175619_2.7_analyzed.png,186.0,183.871752558,14.670822194
20160317T090320	Image	/home/matt/College/AUEG/CloudCamera-master/Cloud_Graph/analyzed/20160220T210028_15_analyzed.png,48.0,54.7904791373,32.8572201228
20160317T090321	Image	/home/matt/College/AUEG/CloudCamera-master/Cloud_Graph/analyzed/20151224T214904_45s_53c_analyzed.png,64.0,72.1846707642,30.9331548439
20160317T090323	Image	/home/matt/College/AUEG/CloudCamera-master/Cloud_Graph/analyzed/bias_20160221T202617_analyzed.png,51.0,57.0619800878,30.4000756706
20160317T090324	Image	/home/matt/College/AUEG/CloudCamera-master/Cloud_Graph/analyzed/20160220T175847_5.2_analyzed.png,182.0,180.45723621,14.1165695292
20160317T090325	Image	/home/matt/College/AUEG/CloudCamera-master/Cloud_Graph/analyzed/20160220T175746_4.3_analyzed.png,184.0,182.137122477,14.2279301417
20160317T090327	Image	/home/matt/College/AUEG/CloudCamera-master/Cloud_Graph/analyzed/20160220T214550_5_analyzed.png,45.0,55.0138104206,32.3140277888
20160317T090328	Image	/home/matt/College/AUEG/CloudCamera-master/Cloud_Graph/analyzed/20160220T212824_45_analyzed.png,27.0,35.1221253226,24.5886749711
20160317T090329	Image	/home/matt/College/AUEG/CloudCamera-master/Cloud_Graph/analyzed/20160220T175319_4.4_analyzed.png,190.0,187.873494459,14.4451702717
20160317T090330	Image	/home/matt/College/AUEG/CloudCamera-master/Cloud_Graph/analyzed/20160221T202629_5_analyzed.png,51.0,57.0619800878,30.4000756706
20160317T090332	Image	/home/matt/College/AUEG/CloudCamera-master/Cloud_Graph/analyzed/20160220T174353_3_analyzed.png,205.0,202.876064017,17.6528515029
20160317T090333	Image	/home/matt/College/AUEG/CloudCamera-master/Cloud_Graph/analyzed/20160221T202919_5_analyzed.png,51.0,57.0619800878,30.4000756706
20160317T090334	Image	/home/matt/College/AUEG/CloudCamera-master/Cloud_Graph/analyzed/20160220T212543_20_analyzed.png,11.0,14.9974011554,16.9386048312
20160317T090336	Image	/home/matt/College/AUEG/CloudCamera-master/Cloud_Graph/analyzed/20160220T175506_5.9_analyzed.png,188.0,185.605618649,14.2442240869
20160317T090337	Image	/home/matt/College/AUEG/CloudCamera-master/Cloud_Graph/analyzed/20160220T220907_40_analyzed.png,28.0,35.742951223,25.2361010589
20160317T090339	Image	/home/matt/College/AUEG/CloudCamera-master/Cloud_Graph/analyzed/20160220T174358_4_analyzed.png,205.0,202.876064017,17.6528515029
20160317T090340	Image	/home/matt/College/AUEG/CloudCamera-master/Cloud_Graph/analyzed/20160220T213856_5_analyzed.png,44.0,53.4467937185,29.9394563707
20160317T090342	Image	/home/matt/College/AUEG/CloudCamera-master/Cloud_Graph/analyzed/20160220T175549_2.0_analyzed.png,187.0,184.343434575,14.9539714334
20160317T090343	Image	/home/matt/College/AUEG/CloudCamera-master/Cloud_Graph/analyzed/20160220T214557_10_analyzed.png,5.0,7.48456928066,11.8628166457
20160317T090344	Image	/home/matt/College/AUEG/CloudCamera-master/Cloud_Graph/analyzed/20160220T210431_10_analyzed.png,5.0,7.2178814769,12.108661551
20160317T090346	Image	/home/matt/College/AUEG/CloudCamera-master/Cloud_Graph/analyzed/20160221T204659_45_analyzed.png,38.0,47.3867363427,29.4116181856
20160317T090347	Image	/home/matt/College/AUEG/CloudCamera-master/Cloud_Graph/analyzed/bias_20160220T205906_analyzed.png,1.0,1.63777250624,3.95239320564
20160317T090349	Image	/home/matt/College/AUEG/CloudCamera-master/Cloud_Graph/analyzed/20160220T221225_60_analyzed.png,46.0,52.2519860597,29.7476459227
20160317T090350	Image	/home/matt/College/AUEG/CloudCamera-master/Cloud_Graph/analyzed/20160220T175545_1.9_analyzed.png,187.0,184.400188961,14.989830729
20160317T090352	Image	/home/matt/College/AUEG/CloudCamera-master/Cloud_Graph/analyzed/20160221T204241_60_analyzed.png,48.0,55.9857528309,28.8719302392
20160317T090353	Image	/home/matt/College/AUEG/CloudCamera-master/Cloud_Graph/analyzed/20160221T204004_45_analyzed.png,37.0,45.5125160916,28.6254397593
20160317T090355	Image	/home/matt/College/AUEG/CloudCamera-master/Cloud_Graph/analyzed/20160220T175115_2.0_analyzed.png,194.0,190.809100158,14.9829473414
20160317T090356	Image	/home/matt/College/AUEG/CloudCamera-master/Cloud_Graph/analyzed/bias_20160220T205856_analyzed.png,1.0,1.6757441596,3.9798401366
20160317T090357	Image	/home/matt/College/AUEG/CloudCamera-master/Cloud_Graph/analyzed/20160220T212514_10_analyzed.png,4.0,6.10802076529,9.95747252466
20160317T090359	Image	/home/matt/College/AUEG/CloudCamera-master/Cloud_Graph/analyzed/20160220T210659_40_analyzed.png,26.0,33.2506019617,25.5444178776
20160317T090400	Image	/home/matt/College/AUEG/CloudCamera-master/Cloud_Graph/analyzed/20160220T213518_45_analyzed.png,28.0,36.7202785004,25.2967210823
20160317T090402	Image	/home/matt/College/AUEG/CloudCamera-master/Cloud_Graph/analyzed/20160220T212129_45_analyzed.png,27.0,34.2680910016,24.1675141695
20160317T090403	Image	/home/matt/College/AUEG/CloudCamera-master/Cloud_Graph/analyzed/20160220T214259_50_analyzed.png,34.0,45.1154709562,31.1574678777
20160317T090405	Image	/home/matt/College/AUEG/CloudCamera-master/Cloud_Graph/analyzed/20160220T175553_2.1_analyzed.png,187.0,184.281128517,14.9080544229
20160317T090406	Image	/home/matt/College/AUEG/CloudCamera-master/Cloud_Graph/analyzed/20160101T22153480000_analyzed.png,2.0,2.50150442669,1.17585525599
20160317T090408	Image	/home/matt/College/AUEG/CloudCamera-master/Cloud_Graph/analyzed/bias_20160221T202625_analyzed.png,51.0,57.0619800878,30.4000756706
20160317T090409	Image	/home/matt/College/AUEG/CloudCamera-master/Cloud_Graph/analyzed/20160220T210135_30_analyzed.png,21.0,29.142288333,28.2261144122
20160317T090410	Image	/home/matt/College/AUEG/CloudCamera-master/Cloud_Graph/analyzed/20160220T174501_1_analyzed.png,201.0,198.703724077,15.6027917426
20160317T090412	Image	/home/matt/College/AUEG/CloudCamera-master/Cloud_Graph/analyzed/bias_20160220T174326_analyzed.png,205.0,202.876064017,17.6528515029
20160317T090413	Image	/home/matt/College/AUEG/CloudCamera-master/Cloud_Graph/analyzed/20160220T205915_6_analyzed.png,2.0,3.10981105216,6.48616630234
20160317T090414	Image	/home/matt/College/AUEG/CloudCamera-master/Cloud_Graph/analyzed/20160220T175146_2.7_analyzed.png,193.0,190.048246066,14.7359636803
20160317T090415	Image	/home/matt/College/AUEG/CloudCamera-master/Cloud_Graph/analyzed/20160220T214130_40_analyzed.png,26.0,35.7931441945,26.79727248
20160317T090416	Image	/home/matt/College/AUEG/CloudCamera-master/Cloud_Graph/analyzed/20160220T174534_7_analyzed.png,200.0,197.021856525,15.4110827777
20160317T090418	Image	/home/matt/College/AUEG/CloudCamera-master/Cloud_Graph/analyzed/20160220T212507_5_analyzed.png,40.0,48.8431627213,27.509549227
20160317T090419	Image	/home/matt/College/AUEG/CloudCamera-master/Cloud_Graph/analyzed/20160220T210828_50_analyzed.png,32.0,39.8208197884,26.2474793769
20160317T090420	Image	/home/matt/College/AUEG/CloudCamera-master/Cloud_Graph/analyzed/20160220T212705_35_analyzed.png,21.0,27.2810839512,22.1578820892
20160317T090421	Image	/home/matt/College/AUEG/CloudCamera-master/Cloud_Graph/analyzed/20160220T174346_1_analyzed.png,205.0,202.876064017,17.6528515029
20160317T090422	Image	/home/matt/College/AUEG/CloudCamera-master/Cloud_Graph/analyzed/bias_20160220T205852_analyzed.png,1.0,1.68426775867,3.97403696412
20160317T090424	Image	/home/matt/College/AUEG/CloudCamera-master/Cloud_Graph/analyzed/20160220T175458_5.8_analyzed.png,188.0,185.775531643,14.2601655957
20160317T090425	Image	/home/matt/College/AUEG/CloudCamera-master/Cloud_Graph/analyzed/20160220T214747_35_analyzed.png,22.0,32.3883025254,29.686840901
20160317T090426	Image	/home/matt/College/AUEG/CloudCamera-master/Cloud_Graph/analyzed/bias_20160220T174332_analyzed.png,205.0,202.876064017,17.6528515029
20160317T090428	Image	/home/matt/College/AUEG/CloudCamera-master/Cloud_Graph/analyzed/20160220T220830_35_analyzed.png,24.0,30.6575497008,23.4744629046
20160317T090429	Image	/home/matt/College/AUEG/CloudCamera-master/Cloud_Graph/analyzed/20160220T175339_4.7_analyzed.png,190.0,187.481924597,14.3825436201
20160317T090430	Image	/home/matt/College/AUEG/CloudCamera-master/Cloud_Graph/analyzed/20160220T213915_15_analyzed.png,8.0,11.6115039301,14.3425815726
20160317T090431	Image	/home/matt/College/AUEG/CloudCamera-master/Cloud_Graph/analyzed/20160220T174508_3_analyzed.png,200.0,197.731342371,15.4580691815
20160317T090433	Image	/home/matt/College/AUEG/CloudCamera-master/Cloud_Graph/analyzed/20160220T221036_50_analyzed.png,37.0,44.3193280949,28.1804704283
20160317T090434	Image	/home/matt/College/AUEG/CloudCamera-master/Cloud_Graph/analyzed/20160220T175226_3.5_analyzed.png,192.0,189.047294897,14.5618487561
20160317T090435	Image	/home/matt/College/AUEG/CloudCamera-master/Cloud_Graph/analyzed/20160220T211849_20_analyzed.png,11.0,14.7350324505,16.864620918
20160317T090436	Image	/home/matt/College/AUEG/CloudCamera-master/Cloud_Graph/analyzed/20160220T212526_15_analyzed.png,7.0,10.6425805597,14.1811664783
20160317T090437	Image	/home/matt/College/AUEG/CloudCamera-master/Cloud_Graph/analyzed/bias_20160220T205904_analyzed.png,1.0,1.67024469376,3.9878626549
20160317T090438	Image	/home/matt/College/AUEG/CloudCamera-master/Cloud_Graph/analyzed/20160220T175514_1.0_analyzed.png,188.0,185.461389777,14.2325501668
20160317T090439	Image	/home/matt/College/AUEG/CloudCamera-master/Cloud_Graph/analyzed/20160221T205751_15_analyzed.png,9.0,13.7527774276,17.6394879962
20160317T090441	Image	/home/matt/College/AUEG/CloudCamera-master/Cloud_Graph/analyzed/20160220T211832_15_analyzed.png,7.0,10.4515610257,14.108518365
20160317T090442	Image	/home/matt/College/AUEG/CloudCamera-master/Cloud_Graph/analyzed/20160221T204350_10_analyzed.png,5.0,8.03424719456,12.8798163037
20160317T090443	Image	/home/matt/College/AUEG/CloudCamera-master/Cloud_Graph/analyzed/20160101T220010_analyzed.png,64.0,72.1846707642,30.9331548439
20160317T090444	Image	/home/matt/College/AUEG/CloudCamera-master/Cloud_Graph/analyzed/bias_20160220T174336_analyzed.png,205.0,202.876064017,17.6528515029
20160317T090446	Image	/home/matt/College/AUEG/CloudCamera-master/Cloud_Graph/analyzed/20160220T212605_25_analyzed.png,14.0,19.1975975012,19.0009990009
20160317T090447	Image	/home/matt/College/AUEG/CloudCamera-master/Cloud_Graph/analyzed/20160220T175232_3.6_analyzed.png,191.0,188.95263889,14.5437156538
20160317T090448	Image	/home/matt/College/AUEG/CloudCamera-master/Cloud_Graph/analyzed/20160220T175643_3.2_analyzed.png,185.0,183.435486644,14.5186902654
20160317T090450	Image	/home/matt/College/AUEG/CloudCamera-master/Cloud_Graph/analyzed/20160220T213605_50_analyzed.png,32.0,40.8825082861,26.535135108
20160317T090452	Image	/home/matt/College/AUEG/CloudCamera-master/Cloud_Graph/analyzed/20160221T205732_5_analyzed.png,52.0,59.7379496249,28.7046996487
20160317T090453	Image	/home/matt/College/AUEG/CloudCamera-master/Cloud_Graph/analyzed/bias_20160220T174342_analyzed.png,205.0,202.876064017,17.6528515029
20160317T090455	Image	/home/matt/College/AUEG/CloudCamera-master/Cloud_Graph/analyzed/20160220T210501_20_analyzed.png,12.0,17.3294166033,20.7732940615
20160317T090456	Image	/home/matt/College/AUEG/CloudCamera-master/Cloud_Graph/analyzed/20160220T213238_20_analyzed.png,11.0,15.4546844779,16.9975348077
20160317T090458	Image	/home/matt/College/AUEG/CloudCamera-master/Cloud_Graph/analyzed/20160220T175221_3.4_analyzed.png,192.0,189.192883673,14.5831301964
20160317T090500	Image	/home/matt/College/AUEG/CloudCamera-master/Cloud_Graph/analyzed/bias_20160220T205900_analyzed.png,1.0,1.66437596534,3.95521841473
20160317T090501	Image	/home/matt/College/AUEG/CloudCamera-master/Cloud_Graph/analyzed/20160220T211711_60_analyzed.png,37.0,44.4743814533,25.9416016978
20160317T090503	Image	/home/matt/College/AUEG/CloudCamera-master/Cloud_Graph/analyzed/20160221T203845_35_analyzed.png,29.0,38.7025424365,30.3304286104
20160317T090504	Image	/home/matt/College/AUEG/CloudCamera-master/Cloud_Graph/analyzed/20160220T220949_45_analyzed.png,32.0,39.9078689856,26.9124735296
20160317T090506	Image	/home/matt/College/AUEG/CloudCamera-master/Cloud_Graph/analyzed/20160221T205113_20_analyzed.png,14.0,18.997168138,20.3627861918
20160317T090507	Image	/home/matt/College/AUEG/CloudCamera-master/Cloud_Graph/analyzed/20160220T175517_1.1_analyzed.png,188.0,184.432099614,15.742750684
20160317T090509	Image	/home/matt/College/AUEG/CloudCamera-master/Cloud_Graph/analyzed/20160220T215939_5_analyzed.png,43.0,53.0244082567,30.1744672753
20160317T090510	Image	/home/matt/College/AUEG/CloudCamera-master/Cloud_Graph/analyzed/20160220T210424_5_analyzed.png,32.0,39.7071556722,28.8670030953
20160317T090512	Image	/home/matt/College/AUEG/CloudCamera-master/Cloud_Graph/analyzed/20160220T175924_5.7_analyzed.png,181.0,179.242024883,14.0986426609
20160317T090513	Image	/home/matt/College/AUEG/CloudCamera-master/Cloud_Graph/analyzed/20160220T175805_4.6_analyzed.png,183.0,181.645966316,14.1754628366
20160317T090515	Image	/home/matt/College/AUEG/CloudCamera-master/Cloud_Graph/analyzed/20160220T175601_2.3_analyzed.png,186.0,184.151168461,14.8247153242
20160317T090516	Image	/home/matt/College/AUEG/CloudCamera-master/Cloud_Graph/analyzed/20160221T203707_15_analyzed.png,10.0,16.6560140778,21.6909184807
20160317T090518	Image	/home/matt/College/AUEG/CloudCamera-master/Cloud_Graph/analyzed/20160220T215142_60_analyzed.png,37.0,47.7511208393,30.3682718035
20160317T090519	Image	/home/matt/College/AUEG/CloudCamera-master/Cloud_Graph/analyzed/20160220T175819_4.8_analyzed.png,183.0,181.273976283,14.1472752031
20160317T090520	Image	/home/matt/College/AUEG/CloudCamera-master/Cloud_Graph/analyzed/20160220T175054_1.4_analyzed.png,194.0,191.438286673,15.2888824142
20160317T090522	Image	/home/matt/College/AUEG/CloudCamera-master/Cloud_Graph/analyzed/20160220T175132_2.4_analyzed.png,193.0,190.349310943,14.8905814978
20160317T090523	Image	/home/matt/College/AUEG/CloudCamera-master/Cloud_Graph/analyzed/20160220T215958_15_analyzed.png,8.0,11.7366202796,14.931857494
20160317T090524	Image	/home/matt/College/AUEG/CloudCamera-master/Cloud_Graph/analyzed/20160220T175359_5.0_analyzed.png,189.0,187.044459215,14.3575998459
20160317T090526	Image	/home/matt/College/AUEG/CloudCamera-master/Cloud_Graph/analyzed/20160101T230106300000_analyzed.png,4.0,3.51020247049,1.6940329751
20160317T090527	Image	/home/matt/College/AUEG/CloudCamera-master/Cloud_Graph/analyzed/bias_20160221T202607_analyzed.png,51.0,57.0619800878,30.4000756706
20160317T090528	Image	/home/matt/College/AUEG/CloudCamera-master/Cloud_Graph/analyzed/20160220T211813_5_analyzed.png,40.0,47.9059590068,26.6187070303
20160317T090530	Image	/home/matt/College/AUEG/CloudCamera-master/Cloud_Graph/analyzed/20160220T174428_8_analyzed.png,205.0,202.876064017,17.6528515029
20160317T090531	Image	/home/matt/College/AUEG/CloudCamera-master/Cloud_Graph/analyzed/20160220T210741_45_analyzed.png,29.0,36.6514823346,26.0082545471
20160317T090533	Image	/home/matt/College/AUEG/CloudCamera-master/Cloud_Graph/analyzed/20160220T175057_1.5_analyzed.png,194.0,191.334623206,15.2359012849
20160317T090534	Image	/home/matt/College/AUEG/CloudCamera-master/Cloud_Graph/analyzed/20160220T211155_20_analyzed.png,11.0,14.8559710396,16.9860702643
20160317T090535	Image	/home/matt/College/AUEG/CloudCamera-master/Cloud_Graph/analyzed/20160220T175100_1.6_analyzed.png,194.0,191.195064869,15.3608066548
20160317T090537	Image	/home/matt/College/AUEG/CloudCamera-master/Cloud_Graph/analyzed/20160220T175443_5.6_analyzed.png,188.0,186.090555918,14.2872664288
20160317T090538	Image	/home/matt/College/AUEG/CloudCamera-master/Cloud_Graph/analyzed/20160220T175659_3.5_analyzed.png,185.0,183.158584273,14.4254116279
20160317T090539	Image	/home/matt/College/AUEG/CloudCamera-master/Cloud_Graph/analyzed/20160220T211820_10_analyzed.png,4.0,6.00526262846,9.93979713756
20160317T090541	Image	/home/matt/College/AUEG/CloudCamera-master/Cloud_Graph/analyzed/20160220T214021_30_analyzed.png,19.0,26.0634176653,22.1118587203
20160317T090542	Image	/home/matt/College/AUEG/CloudCamera-master/Cloud_Graph/analyzed/20160220T175623_2.8_analyzed.png,186.0,183.768714291,14.6375416192
20160317T090544	Image	/home/matt/College/AUEG/CloudCamera-master/Cloud_Graph/analyzed/20160220T212911_50_analyzed.png,31.0,38.9893321313,25.6636848335
20160317T090545	Image	/home/matt/College/AUEG/CloudCamera-master/Cloud_Graph/analyzed/bias_20160221T202613_analyzed.png,51.0,57.0619800878,30.4000756706
20160317T090546	Image	/home/matt/College/AUEG/CloudCamera-master/Cloud_Graph/analyzed/20160220T213754_60_analyzed.png,40.0,49.256027575,28.8441722926
20160317T090548	Image	/home/matt/College/AUEG/CloudCamera-master/Cloud_Graph/analyzed/20160220T214626_20_analyzed.png,12.0,18.677333262,22.1628451463
20160317T090550	Image	/home/matt/College/AUEG/CloudCamera-master/Cloud_Graph/analyzed/20160220T175534_1.6_analyzed.png,187.0,184.517139514,15.1373716755
20160317T090551	Image	/home/matt/College/AUEG/CloudCamera-master/Cloud_Graph/analyzed/20160220T175249_3.9_analyzed.png,191.0,188.553179542,14.50584621
20160317T090552	Image	/home/matt/College/AUEG/CloudCamera-master/Cloud_Graph/analyzed/20160220T215946_10_analyzed.png,4.0,6.64195790661,10.2001648373
20160317T090554	Image	/home/matt/College/AUEG/CloudCamera-master/Cloud_Graph/analyzed/20160220T174553_9_analyzed.png,199.0,196.657600634,15.3213938407
20160317T090556	Image	/home/matt/College/AUEG/CloudCamera-master/Cloud_Graph/analyzed/20160220T175346_4.8_analyzed.png,190.0,187.34144183,14.3793855207
20160317T090558	Image	/home/matt/College/AUEG/CloudCamera-master/Cloud_Graph/analyzed/20160220T174504_2_analyzed.png,201.0,197.871865884,15.685658992
20160317T090600	Image	/home/matt/College/AUEG/CloudCamera-master/Cloud_Graph/analyzed/20160220T175628_2.9_analyzed.png,186.0,183.688229055,14.6057753383
20160317T090602	Image	/home/matt/College/AUEG/CloudCamera-master/Cloud_Graph/analyzed/20160220T210045_20_analyzed.png,13.0,20.1047228684,24.583042299
20160317T090603	Image	/home/matt/College/AUEG/CloudCamera-master/Cloud_Graph/analyzed/20160220T175530_1.5_analyzed.png,187.0,184.521076617,15.196548386
20160317T090605	Image	/home/matt/College/AUEG/CloudCamera-master/Cloud_Graph/analyzed/20160221T204838_55_analyzed.png,44.0,52.8991263757,29.1518403805
20160317T090606	Image	/home/matt/College/AUEG/CloudCamera-master/Cloud_Graph/analyzed/20160220T220104_30_analyzed.png,18.0,25.9966689968,23.6530400827
20160317T090607	Image	/home/matt/College/AUEG/CloudCamera-master/Cloud_Graph/analyzed/bias_20160220T205854_analyzed.png,1.0,1.65893252554,3.97833720156
20160317T090609	Image	/home/matt/College/AUEG/CloudCamera-master/Cloud_Graph/analyzed/20160220T220434_55_analyzed.png,37.0,46.6113587717,28.5738611085
20160317T090610	Image	/home/matt/College/AUEG/CloudCamera-master/Cloud_Graph/analyzed/20160220T215409_30_analyzed.png,18.0,25.2645473541,22.5402687598
20160317T090612	Image	/home/matt/College/AUEG/CloudCamera-master/Cloud_Graph/analyzed/20160220T220213_40_analyzed.png,25.0,34.2828729648,26.9365470498
20160317T090614	Image	/home/matt/College/AUEG/CloudCamera-master/Cloud_Graph/analyzed/20160220T175104_1.7_analyzed.png,194.0,191.098013749,15.2006688729
20160317T090615	Image	/home/matt/College/AUEG/CloudCamera-master/Cloud_Graph/analyzed/20160220T175044_1.1_analyzed.png,195.0,191.877397183,15.4920900865
20160317T090617	Image	/home/matt/College/AUEG/CloudCamera-master/Cloud_Graph/analyzed/20160220T175243_3.8_analyzed.png,191.0,188.697405867,14.5209562346
20160317T090618	Image	/home/matt/College/AUEG/CloudCamera-master/Cloud_Graph/analyzed/20160220T175124_2.2_analyzed.png,193.0,190.585509118,14.8904382114
20160317T090620	Image	/home/matt/College/AUEG/CloudCamera-master/Cloud_Graph/analyzed/bias_20160220T174344_analyzed.png,205.0,202.876064017,17.6528515029
20160317T090621	Image	/home/matt/College/AUEG/CloudCamera-master/Cloud_Graph/analyzed/20160220T220709_20_analyzed.png,12.0,16.6496474816,17.5233543578
20160317T090622	Image	/home/matt/College/AUEG/CloudCamera-master/Cloud_Graph/analyzed/20160221T205629_60_analyzed.png,48.0,55.7393235364,28.5440731322
20160317T090624	Image	/home/matt/College/AUEG/CloudCamera-master/Cloud_Graph/analyzed/20160220T211353_40_analyzed.png,24.0,30.3505969957,22.7930945793
20160317T090625	Image	/home/matt/College/AUEG/CloudCamera-master/Cloud_Graph/analyzed/bias_20160220T205910_analyzed.png,1.0,1.67176249031,4.00447410731
20160317T090626	Image	/home/matt/College/AUEG/CloudCamera-master/Cloud_Graph/analyzed/20160221T205234_35_analyzed.png,26.0,33.6777432708,24.9939210709
20160317T090628	Image	/home/matt/College/AUEG/CloudCamera-master/Cloud_Graph/analyzed/bias_20160221T202621_analyzed.png,51.0,57.0619800878,30.4000756706
20160317T090629	Image	/home/matt/College/AUEG/CloudCamera-master/Cloud_Graph/analyzed/20160220T175155_2.9_analyzed.png,192.0,189.815329236,14.6844725758
20160317T090630	Image	/home/matt/College/AUEG/CloudCamera-master/Cloud_Graph/analyzed/20160220T212632_30_analyzed.png,17.0,23.2942806319,20.7035834349
20160317T090632	Image	/home/matt/College/AUEG/CloudCamera-master/Cloud_Graph/analyzed/20160221T205311_40_analyzed.png,31.0,38.3003645513,26.0278984358
